[34m17:33:10.488[main] INFO  c.a.h.c.CrazyhotelsApplication - Starting CrazyhotelsApplication using Java 18 with PID 23592 (E:\crazyhotels\target\classes started by User in E:\crazyhotels)
[0;39m
[34m17:33:10.494[main] INFO  c.a.h.c.CrazyhotelsApplication - No active profile set, falling back to 1 default profile: "default"
[0;39m
[34m17:33:11.050[main] INFO  o.s.d.r.c.RepositoryConfigurationDelegate - Bootstrapping Spring Data MongoDB repositories in DEFAULT mode.
[0;39m
[34m17:33:11.093[main] INFO  o.s.d.r.c.RepositoryConfigurationDelegate - Finished Spring Data repository scanning in 40 ms. Found 1 MongoDB repository interfaces.
[0;39m
[34m17:33:11.529[main] INFO  o.s.b.w.e.tomcat.TomcatWebServer - Tomcat initialized with port(s): 9090 (http)
[0;39m
[34m17:33:11.543[main] INFO  o.a.coyote.http11.Http11NioProtocol - Initializing ProtocolHandler ["http-nio-9090"]
[0;39m
[34m17:33:11.544[main] INFO  o.a.catalina.core.StandardService - Starting service [Tomcat]
[0;39m
[34m17:33:11.545[main] INFO  o.a.catalina.core.StandardEngine - Starting Servlet engine: [Apache Tomcat/10.1.13]
[0;39m
[34m17:33:11.626[main] INFO  o.a.c.c.C.[.[.[/crazyhotel] - Initializing Spring embedded WebApplicationContext
[0;39m
[34m17:33:11.627[main] INFO  o.s.b.w.s.c.ServletWebServerApplicationContext - Root WebApplicationContext: initialization completed in 1085 ms
[0;39m
[34m17:33:11.774[main] INFO  org.mongodb.driver.client - MongoClient with metadata {"driver": {"name": "mongo-java-driver|sync|spring-boot", "version": "4.9.1"}, "os": {"type": "Windows", "name": "Windows 11", "architecture": "amd64", "version": "10.0"}, "platform": "Java/Oracle Corporation/18+36-2087"} created with settings MongoClientSettings{readPreference=primary, writeConcern=WriteConcern{w=null, wTimeout=null ms, journal=null}, retryWrites=true, retryReads=true, readConcern=ReadConcern{level=null}, credential=null, streamFactoryFactory=null, commandListeners=[], codecRegistry=ProvidersCodecRegistry{codecProviders=[ValueCodecProvider{}, BsonValueCodecProvider{}, DBRefCodecProvider{}, DBObjectCodecProvider{}, DocumentCodecProvider{}, CollectionCodecProvider{}, IterableCodecProvider{}, MapCodecProvider{}, GeoJsonCodecProvider{}, GridFSFileCodecProvider{}, Jsr310CodecProvider{}, JsonObjectCodecProvider{}, BsonCodecProvider{}, EnumCodecProvider{}, com.mongodb.client.model.mql.ExpressionCodecProvider@5a13fcf3, com.mongodb.Jep395RecordCodecProvider@250b5e5b]}, loggerSettings=LoggerSettings{maxDocumentLength=1000}, clusterSettings={hosts=[localhost:27017], srvServiceName=mongodb, mode=SINGLE, requiredClusterType=UNKNOWN, requiredReplicaSetName='null', serverSelector='null', clusterListeners='[]', serverSelectionTimeout='30000 ms', localThreshold='30000 ms'}, socketSettings=SocketSettings{connectTimeoutMS=10000, readTimeoutMS=0, receiveBufferSize=0, sendBufferSize=0}, heartbeatSocketSettings=SocketSettings{connectTimeoutMS=10000, readTimeoutMS=10000, receiveBufferSize=0, sendBufferSize=0}, connectionPoolSettings=ConnectionPoolSettings{maxSize=100, minSize=0, maxWaitTimeMS=120000, maxConnectionLifeTimeMS=0, maxConnectionIdleTimeMS=0, maintenanceInitialDelayMS=0, maintenanceFrequencyMS=60000, connectionPoolListeners=[], maxConnecting=2}, serverSettings=ServerSettings{heartbeatFrequencyMS=10000, minHeartbeatFrequencyMS=500, serverListeners='[]', serverMonitorListeners='[]'}, sslSettings=SslSettings{enabled=false, invalidHostNameAllowed=false, context=null}, applicationName='null', compressorList=[], uuidRepresentation=JAVA_LEGACY, serverApi=null, autoEncryptionSettings=null, contextProvider=null}
[0;39m
[34m17:33:11.792[cluster-ClusterId{value='652e77ffe80f8d6045512aae', description='null'}-localhost:27017] INFO  org.mongodb.driver.cluster - Monitor thread successfully connected to server with description ServerDescription{address=localhost:27017, type=STANDALONE, state=CONNECTED, ok=true, minWireVersion=0, maxWireVersion=21, maxDocumentSize=16777216, logicalSessionTimeoutMinutes=30, roundTripTimeNanos=17517400}
[0;39m
[34m17:33:12.592[main] INFO  o.a.coyote.http11.Http11NioProtocol - Starting ProtocolHandler ["http-nio-9090"]
[0;39m
[34m17:33:12.636[main] INFO  o.s.b.w.e.tomcat.TomcatWebServer - Tomcat started on port(s): 9090 (http) with context path '/crazyhotel'
[0;39m
[34m17:33:12.646[main] INFO  c.a.h.c.CrazyhotelsApplication - Started CrazyhotelsApplication in 2.579 seconds (process running for 2.86)
[0;39m
[34m17:34:52.622[main] INFO  c.a.h.c.CrazyhotelsApplication - Starting CrazyhotelsApplication using Java 18 with PID 22748 (E:\crazyhotels\target\classes started by User in E:\crazyhotels)
[0;39m
[34m17:34:52.624[main] INFO  c.a.h.c.CrazyhotelsApplication - No active profile set, falling back to 1 default profile: "default"
[0;39m
[34m17:34:53.167[main] INFO  o.s.d.r.c.RepositoryConfigurationDelegate - Bootstrapping Spring Data MongoDB repositories in DEFAULT mode.
[0;39m
[34m17:34:53.217[main] INFO  o.s.d.r.c.RepositoryConfigurationDelegate - Finished Spring Data repository scanning in 45 ms. Found 1 MongoDB repository interfaces.
[0;39m
[34m17:34:53.633[main] INFO  o.s.b.w.e.tomcat.TomcatWebServer - Tomcat initialized with port(s): 9090 (http)
[0;39m
[34m17:34:53.638[main] INFO  o.a.coyote.http11.Http11NioProtocol - Initializing ProtocolHandler ["http-nio-9090"]
[0;39m
[34m17:34:53.639[main] INFO  o.a.catalina.core.StandardService - Starting service [Tomcat]
[0;39m
[34m17:34:53.639[main] INFO  o.a.catalina.core.StandardEngine - Starting Servlet engine: [Apache Tomcat/10.1.13]
[0;39m
[34m17:34:53.719[main] INFO  o.a.c.c.C.[.[.[/crazyhotel] - Initializing Spring embedded WebApplicationContext
[0;39m
[34m17:34:53.720[main] INFO  o.s.b.w.s.c.ServletWebServerApplicationContext - Root WebApplicationContext: initialization completed in 1039 ms
[0;39m
[34m17:34:53.866[main] INFO  org.mongodb.driver.client - MongoClient with metadata {"driver": {"name": "mongo-java-driver|sync|spring-boot", "version": "4.9.1"}, "os": {"type": "Windows", "name": "Windows 11", "architecture": "amd64", "version": "10.0"}, "platform": "Java/Oracle Corporation/18+36-2087"} created with settings MongoClientSettings{readPreference=primary, writeConcern=WriteConcern{w=null, wTimeout=null ms, journal=null}, retryWrites=true, retryReads=true, readConcern=ReadConcern{level=null}, credential=null, streamFactoryFactory=null, commandListeners=[], codecRegistry=ProvidersCodecRegistry{codecProviders=[ValueCodecProvider{}, BsonValueCodecProvider{}, DBRefCodecProvider{}, DBObjectCodecProvider{}, DocumentCodecProvider{}, CollectionCodecProvider{}, IterableCodecProvider{}, MapCodecProvider{}, GeoJsonCodecProvider{}, GridFSFileCodecProvider{}, Jsr310CodecProvider{}, JsonObjectCodecProvider{}, BsonCodecProvider{}, EnumCodecProvider{}, com.mongodb.client.model.mql.ExpressionCodecProvider@5a13fcf3, com.mongodb.Jep395RecordCodecProvider@250b5e5b]}, loggerSettings=LoggerSettings{maxDocumentLength=1000}, clusterSettings={hosts=[localhost:27017], srvServiceName=mongodb, mode=SINGLE, requiredClusterType=UNKNOWN, requiredReplicaSetName='null', serverSelector='null', clusterListeners='[]', serverSelectionTimeout='30000 ms', localThreshold='30000 ms'}, socketSettings=SocketSettings{connectTimeoutMS=10000, readTimeoutMS=0, receiveBufferSize=0, sendBufferSize=0}, heartbeatSocketSettings=SocketSettings{connectTimeoutMS=10000, readTimeoutMS=10000, receiveBufferSize=0, sendBufferSize=0}, connectionPoolSettings=ConnectionPoolSettings{maxSize=100, minSize=0, maxWaitTimeMS=120000, maxConnectionLifeTimeMS=0, maxConnectionIdleTimeMS=0, maintenanceInitialDelayMS=0, maintenanceFrequencyMS=60000, connectionPoolListeners=[], maxConnecting=2}, serverSettings=ServerSettings{heartbeatFrequencyMS=10000, minHeartbeatFrequencyMS=500, serverListeners='[]', serverMonitorListeners='[]'}, sslSettings=SslSettings{enabled=false, invalidHostNameAllowed=false, context=null}, applicationName='null', compressorList=[], uuidRepresentation=JAVA_LEGACY, serverApi=null, autoEncryptionSettings=null, contextProvider=null}
[0;39m
[34m17:34:53.887[cluster-ClusterId{value='652e7865590e1b7ad47a0e66', description='null'}-localhost:27017] INFO  org.mongodb.driver.cluster - Monitor thread successfully connected to server with description ServerDescription{address=localhost:27017, type=STANDALONE, state=CONNECTED, ok=true, minWireVersion=0, maxWireVersion=21, maxDocumentSize=16777216, logicalSessionTimeoutMinutes=30, roundTripTimeNanos=18610500}
[0;39m
[34m17:34:54.693[main] INFO  o.a.coyote.http11.Http11NioProtocol - Starting ProtocolHandler ["http-nio-9090"]
[0;39m
[34m17:34:54.725[main] INFO  o.s.b.w.e.tomcat.TomcatWebServer - Tomcat started on port(s): 9090 (http) with context path '/crazyhotel'
[0;39m
[34m17:34:54.733[main] INFO  c.a.h.c.CrazyhotelsApplication - Started CrazyhotelsApplication in 2.523 seconds (process running for 2.81)
[0;39m
[34m17:35:07.809[http-nio-9090-exec-2] INFO  o.a.c.c.C.[.[.[/crazyhotel] - Initializing Spring DispatcherServlet 'dispatcherServlet'
[0;39m
[34m17:35:07.809[http-nio-9090-exec-2] INFO  o.s.web.servlet.DispatcherServlet - Initializing Servlet 'dispatcherServlet'
[0;39m
[34m17:35:07.810[http-nio-9090-exec-2] INFO  o.s.web.servlet.DispatcherServlet - Completed initialization in 1 ms
[0;39m
[39m17:35:07.970[http-nio-9090-exec-2] DEBUG o.s.data.mongodb.core.MongoTemplate - Inserting Document containing fields: [city, fromDate, toDate, numberOfAdults, name, rating, price, discount, roomAmenenties, _class] in collection: crazyhotels
[0;39m
[34m17:35:08.036[http-nio-9090-exec-2] INFO  c.a.h.c.service.CrazyHotelService - Entry addeed
[0;39m
[34m17:38:48.291[main] INFO  c.a.h.c.CrazyhotelsApplication - Starting CrazyhotelsApplication using Java 18 with PID 4616 (E:\crazyhotels\target\classes started by User in E:\crazyhotels)
[0;39m
[34m17:38:48.294[main] INFO  c.a.h.c.CrazyhotelsApplication - No active profile set, falling back to 1 default profile: "default"
[0;39m
[34m17:38:48.824[main] INFO  o.s.d.r.c.RepositoryConfigurationDelegate - Bootstrapping Spring Data MongoDB repositories in DEFAULT mode.
[0;39m
[34m17:38:48.877[main] INFO  o.s.d.r.c.RepositoryConfigurationDelegate - Finished Spring Data repository scanning in 49 ms. Found 1 MongoDB repository interfaces.
[0;39m
[34m17:38:49.296[main] INFO  o.s.b.w.e.tomcat.TomcatWebServer - Tomcat initialized with port(s): 9090 (http)
[0;39m
[34m17:38:49.301[main] INFO  o.a.coyote.http11.Http11NioProtocol - Initializing ProtocolHandler ["http-nio-9090"]
[0;39m
[34m17:38:49.302[main] INFO  o.a.catalina.core.StandardService - Starting service [Tomcat]
[0;39m
[34m17:38:49.302[main] INFO  o.a.catalina.core.StandardEngine - Starting Servlet engine: [Apache Tomcat/10.1.13]
[0;39m
[34m17:38:49.384[main] INFO  o.a.c.c.C.[.[.[/crazyhotel] - Initializing Spring embedded WebApplicationContext
[0;39m
[34m17:38:49.385[main] INFO  o.s.b.w.s.c.ServletWebServerApplicationContext - Root WebApplicationContext: initialization completed in 1034 ms
[0;39m
[34m17:38:49.530[main] INFO  org.mongodb.driver.client - MongoClient with metadata {"driver": {"name": "mongo-java-driver|sync|spring-boot", "version": "4.9.1"}, "os": {"type": "Windows", "name": "Windows 11", "architecture": "amd64", "version": "10.0"}, "platform": "Java/Oracle Corporation/18+36-2087"} created with settings MongoClientSettings{readPreference=primary, writeConcern=WriteConcern{w=null, wTimeout=null ms, journal=null}, retryWrites=true, retryReads=true, readConcern=ReadConcern{level=null}, credential=null, streamFactoryFactory=null, commandListeners=[], codecRegistry=ProvidersCodecRegistry{codecProviders=[ValueCodecProvider{}, BsonValueCodecProvider{}, DBRefCodecProvider{}, DBObjectCodecProvider{}, DocumentCodecProvider{}, CollectionCodecProvider{}, IterableCodecProvider{}, MapCodecProvider{}, GeoJsonCodecProvider{}, GridFSFileCodecProvider{}, Jsr310CodecProvider{}, JsonObjectCodecProvider{}, BsonCodecProvider{}, EnumCodecProvider{}, com.mongodb.client.model.mql.ExpressionCodecProvider@6fcd31c3, com.mongodb.Jep395RecordCodecProvider@67bf0480]}, loggerSettings=LoggerSettings{maxDocumentLength=1000}, clusterSettings={hosts=[localhost:27017], srvServiceName=mongodb, mode=SINGLE, requiredClusterType=UNKNOWN, requiredReplicaSetName='null', serverSelector='null', clusterListeners='[]', serverSelectionTimeout='30000 ms', localThreshold='30000 ms'}, socketSettings=SocketSettings{connectTimeoutMS=10000, readTimeoutMS=0, receiveBufferSize=0, sendBufferSize=0}, heartbeatSocketSettings=SocketSettings{connectTimeoutMS=10000, readTimeoutMS=10000, receiveBufferSize=0, sendBufferSize=0}, connectionPoolSettings=ConnectionPoolSettings{maxSize=100, minSize=0, maxWaitTimeMS=120000, maxConnectionLifeTimeMS=0, maxConnectionIdleTimeMS=0, maintenanceInitialDelayMS=0, maintenanceFrequencyMS=60000, connectionPoolListeners=[], maxConnecting=2}, serverSettings=ServerSettings{heartbeatFrequencyMS=10000, minHeartbeatFrequencyMS=500, serverListeners='[]', serverMonitorListeners='[]'}, sslSettings=SslSettings{enabled=false, invalidHostNameAllowed=false, context=null}, applicationName='null', compressorList=[], uuidRepresentation=JAVA_LEGACY, serverApi=null, autoEncryptionSettings=null, contextProvider=null}
[0;39m
[34m17:38:49.550[cluster-ClusterId{value='652e79518745147445643476', description='null'}-localhost:27017] INFO  org.mongodb.driver.cluster - Monitor thread successfully connected to server with description ServerDescription{address=localhost:27017, type=STANDALONE, state=CONNECTED, ok=true, minWireVersion=0, maxWireVersion=21, maxDocumentSize=16777216, logicalSessionTimeoutMinutes=30, roundTripTimeNanos=17951600}
[0;39m
[34m17:38:50.342[main] INFO  o.a.coyote.http11.Http11NioProtocol - Starting ProtocolHandler ["http-nio-9090"]
[0;39m
[34m17:38:50.382[main] INFO  o.s.b.w.e.tomcat.TomcatWebServer - Tomcat started on port(s): 9090 (http) with context path '/crazyhotel'
[0;39m
[34m17:38:50.391[main] INFO  c.a.h.c.CrazyhotelsApplication - Started CrazyhotelsApplication in 2.554 seconds (process running for 2.84)
[0;39m
[34m17:39:06.426[http-nio-9090-exec-1] INFO  o.a.c.c.C.[.[.[/crazyhotel] - Initializing Spring DispatcherServlet 'dispatcherServlet'
[0;39m
[34m17:39:06.427[http-nio-9090-exec-1] INFO  o.s.web.servlet.DispatcherServlet - Initializing Servlet 'dispatcherServlet'
[0;39m
[34m17:39:06.428[http-nio-9090-exec-1] INFO  o.s.web.servlet.DispatcherServlet - Completed initialization in 1 ms
[0;39m
[39m17:39:06.481[http-nio-9090-exec-1] DEBUG o.s.data.mongodb.core.MongoTemplate - find using query: { "toDate" : { "$lte" : { "$date" : "2025-11-19T18:30:00Z"}}, "fromDate" : { "$gte" : { "$date" : "2023-01-19T18:30:00Z"}}, "city" : "ERN"} fields: Document{{}} for class: class com.arabbank.hotelservice.crazyhotels.model.entity.CrazyHotelEntity in collection: crazyhotels
[0;39m
[34m17:51:29.952[main] INFO  c.a.h.c.CrazyhotelsApplication - Starting CrazyhotelsApplication using Java 18 with PID 29492 (E:\crazyhotels\target\classes started by User in E:\crazyhotels)
[0;39m
[34m17:51:29.954[main] INFO  c.a.h.c.CrazyhotelsApplication - No active profile set, falling back to 1 default profile: "default"
[0;39m
[34m17:51:30.504[main] INFO  o.s.d.r.c.RepositoryConfigurationDelegate - Bootstrapping Spring Data MongoDB repositories in DEFAULT mode.
[0;39m
[34m17:51:30.557[main] INFO  o.s.d.r.c.RepositoryConfigurationDelegate - Finished Spring Data repository scanning in 48 ms. Found 1 MongoDB repository interfaces.
[0;39m
[34m17:51:30.949[main] INFO  o.s.b.w.e.tomcat.TomcatWebServer - Tomcat initialized with port(s): 9090 (http)
[0;39m
[34m17:51:30.954[main] INFO  o.a.coyote.http11.Http11NioProtocol - Initializing ProtocolHandler ["http-nio-9090"]
[0;39m
[34m17:51:30.955[main] INFO  o.a.catalina.core.StandardService - Starting service [Tomcat]
[0;39m
[34m17:51:30.955[main] INFO  o.a.catalina.core.StandardEngine - Starting Servlet engine: [Apache Tomcat/10.1.13]
[0;39m
[34m17:51:31.042[main] INFO  o.a.c.c.C.[.[.[/crazyhotel] - Initializing Spring embedded WebApplicationContext
[0;39m
[34m17:51:31.042[main] INFO  o.s.b.w.s.c.ServletWebServerApplicationContext - Root WebApplicationContext: initialization completed in 1032 ms
[0;39m
[34m17:51:31.209[main] INFO  org.mongodb.driver.client - MongoClient with metadata {"driver": {"name": "mongo-java-driver|sync|spring-boot", "version": "4.9.1"}, "os": {"type": "Windows", "name": "Windows 11", "architecture": "amd64", "version": "10.0"}, "platform": "Java/Oracle Corporation/18+36-2087"} created with settings MongoClientSettings{readPreference=primary, writeConcern=WriteConcern{w=null, wTimeout=null ms, journal=null}, retryWrites=true, retryReads=true, readConcern=ReadConcern{level=null}, credential=null, streamFactoryFactory=null, commandListeners=[], codecRegistry=ProvidersCodecRegistry{codecProviders=[ValueCodecProvider{}, BsonValueCodecProvider{}, DBRefCodecProvider{}, DBObjectCodecProvider{}, DocumentCodecProvider{}, CollectionCodecProvider{}, IterableCodecProvider{}, MapCodecProvider{}, GeoJsonCodecProvider{}, GridFSFileCodecProvider{}, Jsr310CodecProvider{}, JsonObjectCodecProvider{}, BsonCodecProvider{}, EnumCodecProvider{}, com.mongodb.client.model.mql.ExpressionCodecProvider@104dc1a2, com.mongodb.Jep395RecordCodecProvider@67d32a54]}, loggerSettings=LoggerSettings{maxDocumentLength=1000}, clusterSettings={hosts=[localhost:27017], srvServiceName=mongodb, mode=SINGLE, requiredClusterType=UNKNOWN, requiredReplicaSetName='null', serverSelector='null', clusterListeners='[]', serverSelectionTimeout='30000 ms', localThreshold='30000 ms'}, socketSettings=SocketSettings{connectTimeoutMS=10000, readTimeoutMS=0, receiveBufferSize=0, sendBufferSize=0}, heartbeatSocketSettings=SocketSettings{connectTimeoutMS=10000, readTimeoutMS=10000, receiveBufferSize=0, sendBufferSize=0}, connectionPoolSettings=ConnectionPoolSettings{maxSize=100, minSize=0, maxWaitTimeMS=120000, maxConnectionLifeTimeMS=0, maxConnectionIdleTimeMS=0, maintenanceInitialDelayMS=0, maintenanceFrequencyMS=60000, connectionPoolListeners=[], maxConnecting=2}, serverSettings=ServerSettings{heartbeatFrequencyMS=10000, minHeartbeatFrequencyMS=500, serverListeners='[]', serverMonitorListeners='[]'}, sslSettings=SslSettings{enabled=false, invalidHostNameAllowed=false, context=null}, applicationName='null', compressorList=[], uuidRepresentation=JAVA_LEGACY, serverApi=null, autoEncryptionSettings=null, contextProvider=null}
[0;39m
[34m17:51:31.226[cluster-ClusterId{value='652e7c4bcbb9aa1801e7f133', description='null'}-localhost:27017] INFO  org.mongodb.driver.cluster - Monitor thread successfully connected to server with description ServerDescription{address=localhost:27017, type=STANDALONE, state=CONNECTED, ok=true, minWireVersion=0, maxWireVersion=21, maxDocumentSize=16777216, logicalSessionTimeoutMinutes=30, roundTripTimeNanos=15134700}
[0;39m
[34m17:51:32.023[main] INFO  o.a.coyote.http11.Http11NioProtocol - Starting ProtocolHandler ["http-nio-9090"]
[0;39m
[34m17:51:32.061[main] INFO  o.s.b.w.e.tomcat.TomcatWebServer - Tomcat started on port(s): 9090 (http) with context path '/crazyhotel'
[0;39m
[34m17:51:32.069[main] INFO  c.a.h.c.CrazyhotelsApplication - Started CrazyhotelsApplication in 2.555 seconds (process running for 2.861)
[0;39m
[34m17:51:47.126[http-nio-9090-exec-1] INFO  o.a.c.c.C.[.[.[/crazyhotel] - Initializing Spring DispatcherServlet 'dispatcherServlet'
[0;39m
[34m17:51:47.126[http-nio-9090-exec-1] INFO  o.s.web.servlet.DispatcherServlet - Initializing Servlet 'dispatcherServlet'
[0;39m
[34m17:51:47.128[http-nio-9090-exec-1] INFO  o.s.web.servlet.DispatcherServlet - Completed initialization in 2 ms
[0;39m
[1;31m17:51:47.234[http-nio-9090-exec-1] ERROR o.a.c.c.C.[.[.[.[dispatcherServlet] - Servlet.service() for servlet [dispatcherServlet] in context with path [/crazyhotel] threw exception [Request processing failed: java.lang.NullPointerException: Cannot invoke "String.isEmpty()" because the return value of "com.arabbank.hotelservice.crazyhotels.model.entity.dto.NewEntryDto.getName()" is null] with root cause
[0;39m
java.lang.NullPointerException: Cannot invoke "String.isEmpty()" because the return value of "com.arabbank.hotelservice.crazyhotels.model.entity.dto.NewEntryDto.getName()" is null
	at com.arabbank.hotelservice.crazyhotels.service.CrazyHotelService.createNewEntry(CrazyHotelService.java:34)
	at com.arabbank.hotelservice.crazyhotels.controller.CrazyHotelController.createNewEntry(CrazyHotelController.java:22)
	at java.base/jdk.internal.reflect.DirectMethodHandleAccessor.invoke(DirectMethodHandleAccessor.java:104)
	at java.base/java.lang.reflect.Method.invoke(Method.java:577)
	at org.springframework.web.method.support.InvocableHandlerMethod.doInvoke(InvocableHandlerMethod.java:205)
	at org.springframework.web.method.support.InvocableHandlerMethod.invokeForRequest(InvocableHandlerMethod.java:150)
	at org.springframework.web.servlet.mvc.method.annotation.ServletInvocableHandlerMethod.invokeAndHandle(ServletInvocableHandlerMethod.java:118)
	at org.springframework.web.servlet.mvc.method.annotation.RequestMappingHandlerAdapter.invokeHandlerMethod(RequestMappingHandlerAdapter.java:884)
	at org.springframework.web.servlet.mvc.method.annotation.RequestMappingHandlerAdapter.handleInternal(RequestMappingHandlerAdapter.java:797)
	at org.springframework.web.servlet.mvc.method.AbstractHandlerMethodAdapter.handle(AbstractHandlerMethodAdapter.java:87)
	at org.springframework.web.servlet.DispatcherServlet.doDispatch(DispatcherServlet.java:1081)
	at org.springframework.web.servlet.DispatcherServlet.doService(DispatcherServlet.java:974)
	at org.springframework.web.servlet.FrameworkServlet.processRequest(FrameworkServlet.java:1011)
	at org.springframework.web.servlet.FrameworkServlet.doPost(FrameworkServlet.java:914)
	at jakarta.servlet.http.HttpServlet.service(HttpServlet.java:590)
	at org.springframework.web.servlet.FrameworkServlet.service(FrameworkServlet.java:885)
	at jakarta.servlet.http.HttpServlet.service(HttpServlet.java:658)
	at org.apache.catalina.core.ApplicationFilterChain.internalDoFilter(ApplicationFilterChain.java:205)
	at org.apache.catalina.core.ApplicationFilterChain.doFilter(ApplicationFilterChain.java:149)
	at org.apache.tomcat.websocket.server.WsFilter.doFilter(WsFilter.java:51)
	at org.apache.catalina.core.ApplicationFilterChain.internalDoFilter(ApplicationFilterChain.java:174)
	at org.apache.catalina.core.ApplicationFilterChain.doFilter(ApplicationFilterChain.java:149)
	at org.springframework.web.filter.RequestContextFilter.doFilterInternal(RequestContextFilter.java:100)
	at org.springframework.web.filter.OncePerRequestFilter.doFilter(OncePerRequestFilter.java:116)
	at org.apache.catalina.core.ApplicationFilterChain.internalDoFilter(ApplicationFilterChain.java:174)
	at org.apache.catalina.core.ApplicationFilterChain.doFilter(ApplicationFilterChain.java:149)
	at org.springframework.web.filter.FormContentFilter.doFilterInternal(FormContentFilter.java:93)
	at org.springframework.web.filter.OncePerRequestFilter.doFilter(OncePerRequestFilter.java:116)
	at org.apache.catalina.core.ApplicationFilterChain.internalDoFilter(ApplicationFilterChain.java:174)
	at org.apache.catalina.core.ApplicationFilterChain.doFilter(ApplicationFilterChain.java:149)
	at org.springframework.web.filter.CharacterEncodingFilter.doFilterInternal(CharacterEncodingFilter.java:201)
	at org.springframework.web.filter.OncePerRequestFilter.doFilter(OncePerRequestFilter.java:116)
	at org.apache.catalina.core.ApplicationFilterChain.internalDoFilter(ApplicationFilterChain.java:174)
	at org.apache.catalina.core.ApplicationFilterChain.doFilter(ApplicationFilterChain.java:149)
	at org.apache.catalina.core.StandardWrapperValve.invoke(StandardWrapperValve.java:167)
	at org.apache.catalina.core.StandardContextValve.invoke(StandardContextValve.java:90)
	at org.apache.catalina.authenticator.AuthenticatorBase.invoke(AuthenticatorBase.java:482)
	at org.apache.catalina.core.StandardHostValve.invoke(StandardHostValve.java:115)
	at org.apache.catalina.valves.ErrorReportValve.invoke(ErrorReportValve.java:93)
	at org.apache.catalina.core.StandardEngineValve.invoke(StandardEngineValve.java:74)
	at org.apache.catalina.connector.CoyoteAdapter.service(CoyoteAdapter.java:341)
	at org.apache.coyote.http11.Http11Processor.service(Http11Processor.java:391)
	at org.apache.coyote.AbstractProcessorLight.process(AbstractProcessorLight.java:63)
	at org.apache.coyote.AbstractProtocol$ConnectionHandler.process(AbstractProtocol.java:894)
	at org.apache.tomcat.util.net.NioEndpoint$SocketProcessor.doRun(NioEndpoint.java:1740)
	at org.apache.tomcat.util.net.SocketProcessorBase.run(SocketProcessorBase.java:52)
	at org.apache.tomcat.util.threads.ThreadPoolExecutor.runWorker(ThreadPoolExecutor.java:1191)
	at org.apache.tomcat.util.threads.ThreadPoolExecutor$Worker.run(ThreadPoolExecutor.java:659)
	at org.apache.tomcat.util.threads.TaskThread$WrappingRunnable.run(TaskThread.java:61)
	at java.base/java.lang.Thread.run(Thread.java:833)
[34m17:53:55.543[main] INFO  c.a.h.c.CrazyhotelsApplication - Starting CrazyhotelsApplication using Java 18 with PID 3644 (E:\crazyhotels\target\classes started by User in E:\crazyhotels)
[0;39m
[34m17:53:55.544[main] INFO  c.a.h.c.CrazyhotelsApplication - No active profile set, falling back to 1 default profile: "default"
[0;39m
[34m17:53:56.066[main] INFO  o.s.d.r.c.RepositoryConfigurationDelegate - Bootstrapping Spring Data MongoDB repositories in DEFAULT mode.
[0;39m
[34m17:53:56.111[main] INFO  o.s.d.r.c.RepositoryConfigurationDelegate - Finished Spring Data repository scanning in 41 ms. Found 1 MongoDB repository interfaces.
[0;39m
[34m17:53:56.550[main] INFO  o.s.b.w.e.tomcat.TomcatWebServer - Tomcat initialized with port(s): 9090 (http)
[0;39m
[34m17:53:56.555[main] INFO  o.a.coyote.http11.Http11NioProtocol - Initializing ProtocolHandler ["http-nio-9090"]
[0;39m
[34m17:53:56.557[main] INFO  o.a.catalina.core.StandardService - Starting service [Tomcat]
[0;39m
[34m17:53:56.557[main] INFO  o.a.catalina.core.StandardEngine - Starting Servlet engine: [Apache Tomcat/10.1.13]
[0;39m
[34m17:53:56.640[main] INFO  o.a.c.c.C.[.[.[/crazyhotel] - Initializing Spring embedded WebApplicationContext
[0;39m
[34m17:53:56.641[main] INFO  o.s.b.w.s.c.ServletWebServerApplicationContext - Root WebApplicationContext: initialization completed in 1034 ms
[0;39m
[34m17:53:56.790[main] INFO  org.mongodb.driver.client - MongoClient with metadata {"driver": {"name": "mongo-java-driver|sync|spring-boot", "version": "4.9.1"}, "os": {"type": "Windows", "name": "Windows 11", "architecture": "amd64", "version": "10.0"}, "platform": "Java/Oracle Corporation/18+36-2087"} created with settings MongoClientSettings{readPreference=primary, writeConcern=WriteConcern{w=null, wTimeout=null ms, journal=null}, retryWrites=true, retryReads=true, readConcern=ReadConcern{level=null}, credential=null, streamFactoryFactory=null, commandListeners=[], codecRegistry=ProvidersCodecRegistry{codecProviders=[ValueCodecProvider{}, BsonValueCodecProvider{}, DBRefCodecProvider{}, DBObjectCodecProvider{}, DocumentCodecProvider{}, CollectionCodecProvider{}, IterableCodecProvider{}, MapCodecProvider{}, GeoJsonCodecProvider{}, GridFSFileCodecProvider{}, Jsr310CodecProvider{}, JsonObjectCodecProvider{}, BsonCodecProvider{}, EnumCodecProvider{}, com.mongodb.client.model.mql.ExpressionCodecProvider@34208baa, com.mongodb.Jep395RecordCodecProvider@71370fec]}, loggerSettings=LoggerSettings{maxDocumentLength=1000}, clusterSettings={hosts=[localhost:27017], srvServiceName=mongodb, mode=SINGLE, requiredClusterType=UNKNOWN, requiredReplicaSetName='null', serverSelector='null', clusterListeners='[]', serverSelectionTimeout='30000 ms', localThreshold='30000 ms'}, socketSettings=SocketSettings{connectTimeoutMS=10000, readTimeoutMS=0, receiveBufferSize=0, sendBufferSize=0}, heartbeatSocketSettings=SocketSettings{connectTimeoutMS=10000, readTimeoutMS=10000, receiveBufferSize=0, sendBufferSize=0}, connectionPoolSettings=ConnectionPoolSettings{maxSize=100, minSize=0, maxWaitTimeMS=120000, maxConnectionLifeTimeMS=0, maxConnectionIdleTimeMS=0, maintenanceInitialDelayMS=0, maintenanceFrequencyMS=60000, connectionPoolListeners=[], maxConnecting=2}, serverSettings=ServerSettings{heartbeatFrequencyMS=10000, minHeartbeatFrequencyMS=500, serverListeners='[]', serverMonitorListeners='[]'}, sslSettings=SslSettings{enabled=false, invalidHostNameAllowed=false, context=null}, applicationName='null', compressorList=[], uuidRepresentation=JAVA_LEGACY, serverApi=null, autoEncryptionSettings=null, contextProvider=null}
[0;39m
[34m17:53:56.813[cluster-ClusterId{value='652e7cdc84a65050bdd124ed', description='null'}-localhost:27017] INFO  org.mongodb.driver.cluster - Monitor thread successfully connected to server with description ServerDescription{address=localhost:27017, type=STANDALONE, state=CONNECTED, ok=true, minWireVersion=0, maxWireVersion=21, maxDocumentSize=16777216, logicalSessionTimeoutMinutes=30, roundTripTimeNanos=23252900}
[0;39m
[34m17:53:57.588[main] INFO  o.a.coyote.http11.Http11NioProtocol - Starting ProtocolHandler ["http-nio-9090"]
[0;39m
[34m17:53:57.627[main] INFO  o.s.b.w.e.tomcat.TomcatWebServer - Tomcat started on port(s): 9090 (http) with context path '/crazyhotel'
[0;39m
[34m17:53:57.636[main] INFO  c.a.h.c.CrazyhotelsApplication - Started CrazyhotelsApplication in 2.494 seconds (process running for 2.803)
[0;39m
[34m17:53:59.169[http-nio-9090-exec-2] INFO  o.a.c.c.C.[.[.[/crazyhotel] - Initializing Spring DispatcherServlet 'dispatcherServlet'
[0;39m
[34m17:53:59.169[http-nio-9090-exec-2] INFO  o.s.web.servlet.DispatcherServlet - Initializing Servlet 'dispatcherServlet'
[0;39m
[34m17:53:59.170[http-nio-9090-exec-2] INFO  o.s.web.servlet.DispatcherServlet - Completed initialization in 1 ms
[0;39m
[34m17:55:33.805[main] INFO  c.a.h.c.CrazyhotelsApplication - Starting CrazyhotelsApplication using Java 18 with PID 7836 (E:\crazyhotels\target\classes started by User in E:\crazyhotels)
[0;39m
[34m17:55:33.807[main] INFO  c.a.h.c.CrazyhotelsApplication - No active profile set, falling back to 1 default profile: "default"
[0;39m
[34m17:55:34.327[main] INFO  o.s.d.r.c.RepositoryConfigurationDelegate - Bootstrapping Spring Data MongoDB repositories in DEFAULT mode.
[0;39m
[34m17:55:34.366[main] INFO  o.s.d.r.c.RepositoryConfigurationDelegate - Finished Spring Data repository scanning in 36 ms. Found 1 MongoDB repository interfaces.
[0;39m
[34m17:55:34.803[main] INFO  o.s.b.w.e.tomcat.TomcatWebServer - Tomcat initialized with port(s): 9090 (http)
[0;39m
[34m17:55:34.807[main] INFO  o.a.coyote.http11.Http11NioProtocol - Initializing ProtocolHandler ["http-nio-9090"]
[0;39m
[34m17:55:34.808[main] INFO  o.a.catalina.core.StandardService - Starting service [Tomcat]
[0;39m
[34m17:55:34.809[main] INFO  o.a.catalina.core.StandardEngine - Starting Servlet engine: [Apache Tomcat/10.1.13]
[0;39m
[34m17:55:34.890[main] INFO  o.a.c.c.C.[.[.[/crazyhotel] - Initializing Spring embedded WebApplicationContext
[0;39m
[34m17:55:34.890[main] INFO  o.s.b.w.s.c.ServletWebServerApplicationContext - Root WebApplicationContext: initialization completed in 1033 ms
[0;39m
[34m17:55:35.032[main] INFO  org.mongodb.driver.client - MongoClient with metadata {"driver": {"name": "mongo-java-driver|sync|spring-boot", "version": "4.9.1"}, "os": {"type": "Windows", "name": "Windows 11", "architecture": "amd64", "version": "10.0"}, "platform": "Java/Oracle Corporation/18+36-2087"} created with settings MongoClientSettings{readPreference=primary, writeConcern=WriteConcern{w=null, wTimeout=null ms, journal=null}, retryWrites=true, retryReads=true, readConcern=ReadConcern{level=null}, credential=null, streamFactoryFactory=null, commandListeners=[], codecRegistry=ProvidersCodecRegistry{codecProviders=[ValueCodecProvider{}, BsonValueCodecProvider{}, DBRefCodecProvider{}, DBObjectCodecProvider{}, DocumentCodecProvider{}, CollectionCodecProvider{}, IterableCodecProvider{}, MapCodecProvider{}, GeoJsonCodecProvider{}, GridFSFileCodecProvider{}, Jsr310CodecProvider{}, JsonObjectCodecProvider{}, BsonCodecProvider{}, EnumCodecProvider{}, com.mongodb.client.model.mql.ExpressionCodecProvider@4dad0eed, com.mongodb.Jep395RecordCodecProvider@7fad214a]}, loggerSettings=LoggerSettings{maxDocumentLength=1000}, clusterSettings={hosts=[localhost:27017], srvServiceName=mongodb, mode=SINGLE, requiredClusterType=UNKNOWN, requiredReplicaSetName='null', serverSelector='null', clusterListeners='[]', serverSelectionTimeout='30000 ms', localThreshold='30000 ms'}, socketSettings=SocketSettings{connectTimeoutMS=10000, readTimeoutMS=0, receiveBufferSize=0, sendBufferSize=0}, heartbeatSocketSettings=SocketSettings{connectTimeoutMS=10000, readTimeoutMS=10000, receiveBufferSize=0, sendBufferSize=0}, connectionPoolSettings=ConnectionPoolSettings{maxSize=100, minSize=0, maxWaitTimeMS=120000, maxConnectionLifeTimeMS=0, maxConnectionIdleTimeMS=0, maintenanceInitialDelayMS=0, maintenanceFrequencyMS=60000, connectionPoolListeners=[], maxConnecting=2}, serverSettings=ServerSettings{heartbeatFrequencyMS=10000, minHeartbeatFrequencyMS=500, serverListeners='[]', serverMonitorListeners='[]'}, sslSettings=SslSettings{enabled=false, invalidHostNameAllowed=false, context=null}, applicationName='null', compressorList=[], uuidRepresentation=JAVA_LEGACY, serverApi=null, autoEncryptionSettings=null, contextProvider=null}
[0;39m
[34m17:55:35.051[cluster-ClusterId{value='652e7d3e10da0f687bccc485', description='null'}-localhost:27017] INFO  org.mongodb.driver.cluster - Monitor thread successfully connected to server with description ServerDescription{address=localhost:27017, type=STANDALONE, state=CONNECTED, ok=true, minWireVersion=0, maxWireVersion=21, maxDocumentSize=16777216, logicalSessionTimeoutMinutes=30, roundTripTimeNanos=16803900}
[0;39m
[34m17:55:35.801[main] INFO  o.a.coyote.http11.Http11NioProtocol - Starting ProtocolHandler ["http-nio-9090"]
[0;39m
[34m17:55:35.842[main] INFO  o.s.b.w.e.tomcat.TomcatWebServer - Tomcat started on port(s): 9090 (http) with context path '/crazyhotel'
[0;39m
[34m17:55:35.852[main] INFO  c.a.h.c.CrazyhotelsApplication - Started CrazyhotelsApplication in 2.445 seconds (process running for 2.727)
[0;39m
[34m17:55:48.664[http-nio-9090-exec-2] INFO  o.a.c.c.C.[.[.[/crazyhotel] - Initializing Spring DispatcherServlet 'dispatcherServlet'
[0;39m
[34m17:55:48.664[http-nio-9090-exec-2] INFO  o.s.web.servlet.DispatcherServlet - Initializing Servlet 'dispatcherServlet'
[0;39m
[34m17:55:48.665[http-nio-9090-exec-2] INFO  o.s.web.servlet.DispatcherServlet - Completed initialization in 1 ms
[0;39m
[31m17:56:14.310[http-nio-9090-exec-3] WARN  o.s.w.s.m.s.DefaultHandlerExceptionResolver - Resolved [org.springframework.http.converter.HttpMessageNotReadableException: JSON parse error: Unexpected character ('"' (code 34)): was expecting comma to separate Object entries]
[0;39m
[39m17:56:21.063[http-nio-9090-exec-6] DEBUG o.s.data.mongodb.core.MongoTemplate - Inserting Document containing fields: [city, fromDate, toDate, numberOfAdults, name, rating, price, discount, roomAmenenties, _class] in collection: crazyhotels
[0;39m
[34m17:56:21.118[http-nio-9090-exec-6] INFO  c.a.h.c.service.CrazyHotelService - Entry added
[0;39m
[39m17:57:39.347[http-nio-9090-exec-9] DEBUG o.s.data.mongodb.core.MongoTemplate - find using query: { "toDate" : { "$lte" : { "$date" : "2025-11-19T18:30:00Z"}}, "fromDate" : { "$gte" : { "$date" : "2023-03-31T18:30:00Z"}}, "city" : "ERN"} fields: Document{{}} for class: class com.arabbank.hotelservice.crazyhotels.model.entity.CrazyHotelEntity in collection: crazyhotels
[0;39m
[39m18:12:53.075[http-nio-9090-exec-3] DEBUG o.s.data.mongodb.core.MongoTemplate - find using query: { "toDate" : { "$lte" : { "$date" : "2025-11-19T18:30:00Z"}}, "fromDate" : { "$gte" : { "$date" : "2023-01-19T18:30:00Z"}}, "city" : "ERN"} fields: Document{{}} for class: class com.arabbank.hotelservice.crazyhotels.model.entity.CrazyHotelEntity in collection: crazyhotels
[0;39m
