[34m09:01:45.016[main] INFO  c.a.h.c.CrazyhotelsApplication - Starting CrazyhotelsApplication using Java 18 with PID 2384 (E:\crazyhotels\target\classes started by User in E:\crazyhotels)
[0;39m
[34m09:01:45.018[main] INFO  c.a.h.c.CrazyhotelsApplication - No active profile set, falling back to 1 default profile: "default"
[0;39m
[34m09:01:45.566[main] INFO  o.s.d.r.c.RepositoryConfigurationDelegate - Bootstrapping Spring Data MongoDB repositories in DEFAULT mode.
[0;39m
[34m09:01:45.609[main] INFO  o.s.d.r.c.RepositoryConfigurationDelegate - Finished Spring Data repository scanning in 39 ms. Found 1 MongoDB repository interfaces.
[0;39m
[34m09:01:46.101[main] INFO  o.s.b.w.e.tomcat.TomcatWebServer - Tomcat initialized with port(s): 9090 (http)
[0;39m
[34m09:01:46.109[main] INFO  o.a.coyote.http11.Http11NioProtocol - Initializing ProtocolHandler ["http-nio-9090"]
[0;39m
[34m09:01:46.111[main] INFO  o.a.catalina.core.StandardService - Starting service [Tomcat]
[0;39m
[34m09:01:46.112[main] INFO  o.a.catalina.core.StandardEngine - Starting Servlet engine: [Apache Tomcat/10.1.13]
[0;39m
[34m09:01:46.221[main] INFO  o.a.c.c.C.[.[.[/crazyhotel] - Initializing Spring embedded WebApplicationContext
[0;39m
[34m09:01:46.223[main] INFO  o.s.b.w.s.c.ServletWebServerApplicationContext - Root WebApplicationContext: initialization completed in 1148 ms
[0;39m
[34m09:01:46.472[main] INFO  org.mongodb.driver.client - MongoClient with metadata {"driver": {"name": "mongo-java-driver|sync|spring-boot", "version": "4.9.1"}, "os": {"type": "Windows", "name": "Windows 11", "architecture": "amd64", "version": "10.0"}, "platform": "Java/Oracle Corporation/18+36-2087"} created with settings MongoClientSettings{readPreference=primary, writeConcern=WriteConcern{w=null, wTimeout=null ms, journal=null}, retryWrites=true, retryReads=true, readConcern=ReadConcern{level=null}, credential=null, streamFactoryFactory=null, commandListeners=[], codecRegistry=ProvidersCodecRegistry{codecProviders=[ValueCodecProvider{}, BsonValueCodecProvider{}, DBRefCodecProvider{}, DBObjectCodecProvider{}, DocumentCodecProvider{}, CollectionCodecProvider{}, IterableCodecProvider{}, MapCodecProvider{}, GeoJsonCodecProvider{}, GridFSFileCodecProvider{}, Jsr310CodecProvider{}, JsonObjectCodecProvider{}, BsonCodecProvider{}, EnumCodecProvider{}, com.mongodb.client.model.mql.ExpressionCodecProvider@32faa16c, com.mongodb.Jep395RecordCodecProvider@343fddd9]}, loggerSettings=LoggerSettings{maxDocumentLength=1000}, clusterSettings={hosts=[localhost:27017], srvServiceName=mongodb, mode=SINGLE, requiredClusterType=UNKNOWN, requiredReplicaSetName='null', serverSelector='null', clusterListeners='[]', serverSelectionTimeout='30000 ms', localThreshold='30000 ms'}, socketSettings=SocketSettings{connectTimeoutMS=10000, readTimeoutMS=0, receiveBufferSize=0, sendBufferSize=0}, heartbeatSocketSettings=SocketSettings{connectTimeoutMS=10000, readTimeoutMS=10000, receiveBufferSize=0, sendBufferSize=0}, connectionPoolSettings=ConnectionPoolSettings{maxSize=100, minSize=0, maxWaitTimeMS=120000, maxConnectionLifeTimeMS=0, maxConnectionIdleTimeMS=0, maintenanceInitialDelayMS=0, maintenanceFrequencyMS=60000, connectionPoolListeners=[], maxConnecting=2}, serverSettings=ServerSettings{heartbeatFrequencyMS=10000, minHeartbeatFrequencyMS=500, serverListeners='[]', serverMonitorListeners='[]'}, sslSettings=SslSettings{enabled=false, invalidHostNameAllowed=false, context=null}, applicationName='null', compressorList=[], uuidRepresentation=JAVA_LEGACY, serverApi=null, autoEncryptionSettings=null, contextProvider=null}
[0;39m
[34m09:01:46.507[cluster-ClusterId{value='6530a322c4843209ff068c43', description='null'}-localhost:27017] INFO  org.mongodb.driver.cluster - Monitor thread successfully connected to server with description ServerDescription{address=localhost:27017, type=STANDALONE, state=CONNECTED, ok=true, minWireVersion=0, maxWireVersion=21, maxDocumentSize=16777216, logicalSessionTimeoutMinutes=30, roundTripTimeNanos=29436100}
[0;39m
[34m09:01:47.700[main] INFO  o.a.coyote.http11.Http11NioProtocol - Starting ProtocolHandler ["http-nio-9090"]
[0;39m
[34m09:01:47.751[main] INFO  o.s.b.w.e.tomcat.TomcatWebServer - Tomcat started on port(s): 9090 (http) with context path '/crazyhotel'
[0;39m
[34m09:01:47.763[main] INFO  c.a.h.c.CrazyhotelsApplication - Started CrazyhotelsApplication in 3.261 seconds (process running for 3.642)
[0;39m
[34m09:02:24.560[http-nio-9090-exec-1] INFO  o.a.c.c.C.[.[.[/crazyhotel] - Initializing Spring DispatcherServlet 'dispatcherServlet'
[0;39m
[34m09:02:24.560[http-nio-9090-exec-1] INFO  o.s.web.servlet.DispatcherServlet - Initializing Servlet 'dispatcherServlet'
[0;39m
[34m09:02:24.562[http-nio-9090-exec-1] INFO  o.s.web.servlet.DispatcherServlet - Completed initialization in 1 ms
[0;39m
[39m09:02:24.614[http-nio-9090-exec-1] DEBUG o.s.data.mongodb.core.MongoTemplate - find using query: { "$and" : [{ "toDate" : { "$lte" : { "$date" : "2025-05-19T18:30:00Z"}}}, { "fromDate" : { "$gte" : { "$date" : "2023-03-31T18:30:00Z"}}}], "city" : "ERN"} fields: Document{{}} for class: class com.arabbank.hotelservice.crazyhotels.model.entity.CrazyHotelEntity in collection: crazyhotels
[0;39m
[39m09:21:07.462[http-nio-9090-exec-4] DEBUG o.s.data.mongodb.core.MongoTemplate - find using query: { "$and" : [{ "toDate" : { "$lte" : { "$date" : "2025-11-19T18:30:00Z"}}}, { "fromDate" : { "$gte" : { "$date" : "2023-03-31T18:30:00Z"}}}], "city" : "ERN"} fields: Document{{}} for class: class com.arabbank.hotelservice.crazyhotels.model.entity.CrazyHotelEntity in collection: crazyhotels
[0;39m
[39m09:46:44.134[http-nio-9090-exec-6] DEBUG o.s.data.mongodb.core.MongoTemplate - find using query: { "$and" : [{ "toDate" : { "$lte" : { "$date" : "2025-05-19T18:30:00Z"}}}, { "fromDate" : { "$gte" : { "$date" : "2023-03-31T18:30:00Z"}}}], "city" : "ERN"} fields: Document{{}} for class: class com.arabbank.hotelservice.crazyhotels.model.entity.CrazyHotelEntity in collection: crazyhotels
[0;39m
[39m09:49:53.771[http-nio-9090-exec-8] DEBUG o.s.data.mongodb.core.MongoTemplate - find using query: { "$and" : [{ "toDate" : { "$lte" : { "$date" : "2025-05-19T18:30:00Z"}}}, { "fromDate" : { "$gte" : { "$date" : "2023-03-31T18:30:00Z"}}}], "city" : "ERN"} fields: Document{{}} for class: class com.arabbank.hotelservice.crazyhotels.model.entity.CrazyHotelEntity in collection: crazyhotels
[0;39m
[39m09:55:30.598[http-nio-9090-exec-10] DEBUG o.s.data.mongodb.core.MongoTemplate - find using query: { "$and" : [{ "toDate" : { "$lte" : { "$date" : "2025-05-19T18:30:00Z"}}}, { "fromDate" : { "$gte" : { "$date" : "2023-03-31T18:30:00Z"}}}], "city" : "ERN"} fields: Document{{}} for class: class com.arabbank.hotelservice.crazyhotels.model.entity.CrazyHotelEntity in collection: crazyhotels
[0;39m
[39m09:59:35.147[http-nio-9090-exec-4] DEBUG o.s.data.mongodb.core.MongoTemplate - find using query: { "$and" : [{ "toDate" : { "$lte" : { "$date" : "2025-11-19T18:30:00Z"}}}, { "fromDate" : { "$gte" : { "$date" : "2023-03-31T18:30:00Z"}}}], "city" : "ERN"} fields: Document{{}} for class: class com.arabbank.hotelservice.crazyhotels.model.entity.CrazyHotelEntity in collection: crazyhotels
[0;39m
[39m10:24:33.150[http-nio-9090-exec-7] DEBUG o.s.data.mongodb.core.MongoTemplate - find using query: { "$and" : [{ "toDate" : { "$lte" : { "$date" : "2025-11-19T18:30:00Z"}}}, { "fromDate" : { "$gte" : { "$date" : "2023-03-31T18:30:00Z"}}}], "city" : "ERN"} fields: Document{{}} for class: class com.arabbank.hotelservice.crazyhotels.model.entity.CrazyHotelEntity in collection: crazyhotels
[0;39m
[39m10:24:38.929[http-nio-9090-exec-8] DEBUG o.s.data.mongodb.core.MongoTemplate - find using query: { "$and" : [{ "toDate" : { "$lte" : { "$date" : "2025-05-19T18:30:00Z"}}}, { "fromDate" : { "$gte" : { "$date" : "2023-03-31T18:30:00Z"}}}], "city" : "ERN"} fields: Document{{}} for class: class com.arabbank.hotelservice.crazyhotels.model.entity.CrazyHotelEntity in collection: crazyhotels
[0;39m
[39m10:35:48.383[http-nio-9090-exec-2] DEBUG o.s.data.mongodb.core.MongoTemplate - find using query: { "$and" : [{ "toDate" : { "$lte" : { "$date" : "2025-11-19T18:30:00Z"}}}, { "fromDate" : { "$gte" : { "$date" : "2023-03-31T18:30:00Z"}}}], "city" : "ERs"} fields: Document{{}} for class: class com.arabbank.hotelservice.crazyhotels.model.entity.CrazyHotelEntity in collection: crazyhotels
[0;39m
[39m10:36:37.149[http-nio-9090-exec-3] DEBUG o.s.data.mongodb.core.MongoTemplate - find using query: { "$and" : [{ "toDate" : { "$lte" : { "$date" : "2025-05-19T18:30:00Z"}}}, { "fromDate" : { "$gte" : { "$date" : "2023-03-31T18:30:00Z"}}}], "city" : "ERs"} fields: Document{{}} for class: class com.arabbank.hotelservice.crazyhotels.model.entity.CrazyHotelEntity in collection: crazyhotels
[0;39m
[39m10:36:49.791[http-nio-9090-exec-5] DEBUG o.s.data.mongodb.core.MongoTemplate - find using query: { "$and" : [{ "toDate" : { "$lte" : { "$date" : "2025-05-19T18:30:00Z"}}}, { "fromDate" : { "$gte" : { "$date" : "2023-03-31T18:30:00Z"}}}], "city" : "ERN"} fields: Document{{}} for class: class com.arabbank.hotelservice.crazyhotels.model.entity.CrazyHotelEntity in collection: crazyhotels
[0;39m
[39m10:36:57.718[http-nio-9090-exec-6] DEBUG o.s.data.mongodb.core.MongoTemplate - find using query: { "$and" : [{ "toDate" : { "$lte" : { "$date" : "2025-05-19T18:30:00Z"}}}, { "fromDate" : { "$gte" : { "$date" : "2023-03-31T18:30:00Z"}}}], "city" : "ERs"} fields: Document{{}} for class: class com.arabbank.hotelservice.crazyhotels.model.entity.CrazyHotelEntity in collection: crazyhotels
[0;39m
[39m12:27:52.814[http-nio-9090-exec-8] DEBUG o.s.data.mongodb.core.MongoTemplate - find using query: { "$and" : [{ "toDate" : { "$lte" : { "$date" : "2025-05-19T18:30:00Z"}}}, { "fromDate" : { "$gte" : { "$date" : "2023-03-31T18:30:00Z"}}}], "city" : "ERN"} fields: Document{{}} for class: class com.arabbank.hotelservice.crazyhotels.model.entity.CrazyHotelEntity in collection: crazyhotels
[0;39m
[39m12:43:10.447[http-nio-9090-exec-10] DEBUG o.s.data.mongodb.core.MongoTemplate - find using query: { "$and" : [{ "toDate" : { "$lte" : { "$date" : "2025-05-19T18:30:00Z"}}}, { "fromDate" : { "$gte" : { "$date" : "2023-03-31T18:30:00Z"}}}], "city" : "ERN"} fields: Document{{}} for class: class com.arabbank.hotelservice.crazyhotels.model.entity.CrazyHotelEntity in collection: crazyhotels
[0;39m
[39m12:43:28.473[http-nio-9090-exec-2] DEBUG o.s.data.mongodb.core.MongoTemplate - find using query: { "name" : "ModelVilla"} fields: Document{{}} for class: class com.arabbank.hotelservice.crazyhotels.model.entity.CrazyHotelEntity in collection: crazyhotels
[0;39m
[39m12:43:38.556[http-nio-9090-exec-4] DEBUG o.s.data.mongodb.core.MongoTemplate - find using query: { "rid" : "25"} fields: Document{{}} for class: class com.arabbank.hotelservice.crazyhotels.model.entity.CrazyHotelEntity in collection: crazyhotels
[0;39m
[39m12:43:38.560[http-nio-9090-exec-4] DEBUG o.s.data.mongodb.core.MongoTemplate - Remove using query: { "rid" : "25"} in collection: crazyhotels.
[0;39m
[39m12:47:21.424[http-nio-9090-exec-8] DEBUG o.s.data.mongodb.core.MongoTemplate - find using query: { "name" : "ModelVilla"} fields: Document{{}} for class: class com.arabbank.hotelservice.crazyhotels.model.entity.CrazyHotelEntity in collection: crazyhotels
[0;39m
[39m12:47:21.435[http-nio-9090-exec-8] DEBUG o.s.data.mongodb.core.MongoTemplate - Inserting Document containing fields: [rid, city, fromDate, toDate, numberOfAdults, name, rating, price, discount, roomAmenenties, _class] in collection: crazyhotels
[0;39m
[39m12:47:24.681[http-nio-9090-exec-9] DEBUG o.s.data.mongodb.core.MongoTemplate - find using query: { "rid" : "25"} fields: Document{{}} for class: class com.arabbank.hotelservice.crazyhotels.model.entity.CrazyHotelEntity in collection: crazyhotels
[0;39m
[39m12:47:24.684[http-nio-9090-exec-9] DEBUG o.s.data.mongodb.core.MongoTemplate - Remove using query: { "rid" : "25"} in collection: crazyhotels.
[0;39m
[34m12:47:30.886[main] INFO  c.a.h.c.CrazyhotelsApplication - Starting CrazyhotelsApplication using Java 18 with PID 4432 (E:\crazyhotels\target\classes started by User in E:\crazyhotels)
[0;39m
[34m12:47:30.888[main] INFO  c.a.h.c.CrazyhotelsApplication - No active profile set, falling back to 1 default profile: "default"
[0;39m
[34m12:47:31.409[main] INFO  o.s.d.r.c.RepositoryConfigurationDelegate - Bootstrapping Spring Data MongoDB repositories in DEFAULT mode.
[0;39m
[34m12:47:31.460[main] INFO  o.s.d.r.c.RepositoryConfigurationDelegate - Finished Spring Data repository scanning in 47 ms. Found 1 MongoDB repository interfaces.
[0;39m
[34m12:47:31.894[main] INFO  o.s.b.w.e.tomcat.TomcatWebServer - Tomcat initialized with port(s): 9090 (http)
[0;39m
[34m12:47:31.899[main] INFO  o.a.coyote.http11.Http11NioProtocol - Initializing ProtocolHandler ["http-nio-9090"]
[0;39m
[34m12:47:31.900[main] INFO  o.a.catalina.core.StandardService - Starting service [Tomcat]
[0;39m
[34m12:47:31.901[main] INFO  o.a.catalina.core.StandardEngine - Starting Servlet engine: [Apache Tomcat/10.1.13]
[0;39m
[34m12:47:31.981[main] INFO  o.a.c.c.C.[.[.[/crazyhotel] - Initializing Spring embedded WebApplicationContext
[0;39m
[34m12:47:31.982[main] INFO  o.s.b.w.s.c.ServletWebServerApplicationContext - Root WebApplicationContext: initialization completed in 1051 ms
[0;39m
[34m12:47:32.142[main] INFO  org.mongodb.driver.client - MongoClient with metadata {"driver": {"name": "mongo-java-driver|sync|spring-boot", "version": "4.9.1"}, "os": {"type": "Windows", "name": "Windows 11", "architecture": "amd64", "version": "10.0"}, "platform": "Java/Oracle Corporation/18+36-2087"} created with settings MongoClientSettings{readPreference=primary, writeConcern=WriteConcern{w=null, wTimeout=null ms, journal=null}, retryWrites=true, retryReads=true, readConcern=ReadConcern{level=null}, credential=null, streamFactoryFactory=null, commandListeners=[], codecRegistry=ProvidersCodecRegistry{codecProviders=[ValueCodecProvider{}, BsonValueCodecProvider{}, DBRefCodecProvider{}, DBObjectCodecProvider{}, DocumentCodecProvider{}, CollectionCodecProvider{}, IterableCodecProvider{}, MapCodecProvider{}, GeoJsonCodecProvider{}, GridFSFileCodecProvider{}, Jsr310CodecProvider{}, JsonObjectCodecProvider{}, BsonCodecProvider{}, EnumCodecProvider{}, com.mongodb.client.model.mql.ExpressionCodecProvider@2bbb44da, com.mongodb.Jep395RecordCodecProvider@2f80cb79]}, loggerSettings=LoggerSettings{maxDocumentLength=1000}, clusterSettings={hosts=[localhost:27017], srvServiceName=mongodb, mode=SINGLE, requiredClusterType=UNKNOWN, requiredReplicaSetName='null', serverSelector='null', clusterListeners='[]', serverSelectionTimeout='30000 ms', localThreshold='30000 ms'}, socketSettings=SocketSettings{connectTimeoutMS=10000, readTimeoutMS=0, receiveBufferSize=0, sendBufferSize=0}, heartbeatSocketSettings=SocketSettings{connectTimeoutMS=10000, readTimeoutMS=10000, receiveBufferSize=0, sendBufferSize=0}, connectionPoolSettings=ConnectionPoolSettings{maxSize=100, minSize=0, maxWaitTimeMS=120000, maxConnectionLifeTimeMS=0, maxConnectionIdleTimeMS=0, maintenanceInitialDelayMS=0, maintenanceFrequencyMS=60000, connectionPoolListeners=[], maxConnecting=2}, serverSettings=ServerSettings{heartbeatFrequencyMS=10000, minHeartbeatFrequencyMS=500, serverListeners='[]', serverMonitorListeners='[]'}, sslSettings=SslSettings{enabled=false, invalidHostNameAllowed=false, context=null}, applicationName='null', compressorList=[], uuidRepresentation=JAVA_LEGACY, serverApi=null, autoEncryptionSettings=null, contextProvider=null}
[0;39m
[34m12:47:32.160[cluster-ClusterId{value='6530d80c84690e73b25335f3', description='null'}-localhost:27017] INFO  org.mongodb.driver.cluster - Monitor thread successfully connected to server with description ServerDescription{address=localhost:27017, type=STANDALONE, state=CONNECTED, ok=true, minWireVersion=0, maxWireVersion=21, maxDocumentSize=16777216, logicalSessionTimeoutMinutes=30, roundTripTimeNanos=18324500}
[0;39m
[34m12:47:32.990[main] INFO  o.a.coyote.http11.Http11NioProtocol - Starting ProtocolHandler ["http-nio-9090"]
[0;39m
[34m12:47:33.031[main] INFO  o.s.b.w.e.tomcat.TomcatWebServer - Tomcat started on port(s): 9090 (http) with context path '/crazyhotel'
[0;39m
[34m12:47:33.039[main] INFO  c.a.h.c.CrazyhotelsApplication - Started CrazyhotelsApplication in 2.55 seconds (process running for 2.858)
[0;39m
[34m12:47:33.707[http-nio-9090-exec-2] INFO  o.a.c.c.C.[.[.[/crazyhotel] - Initializing Spring DispatcherServlet 'dispatcherServlet'
[0;39m
[34m12:47:33.708[http-nio-9090-exec-2] INFO  o.s.web.servlet.DispatcherServlet - Initializing Servlet 'dispatcherServlet'
[0;39m
[34m12:47:33.709[http-nio-9090-exec-2] INFO  o.s.web.servlet.DispatcherServlet - Completed initialization in 1 ms
[0;39m
[39m12:47:33.792[http-nio-9090-exec-2] DEBUG o.s.data.mongodb.core.MongoTemplate - find using query: { "name" : "ModelVilla"} fields: Document{{}} for class: class com.arabbank.hotelservice.crazyhotels.model.entity.CrazyHotelEntity in collection: crazyhotels
[0;39m
[39m12:47:33.854[http-nio-9090-exec-2] DEBUG o.s.data.mongodb.core.MongoTemplate - Inserting Document containing fields: [rid, city, fromDate, toDate, numberOfAdults, name, rating, price, discount, roomAmenenties, _class] in collection: crazyhotels
[0;39m
[39m12:47:37.744[http-nio-9090-exec-3] DEBUG o.s.data.mongodb.core.MongoTemplate - find using query: { "rid" : "25"} fields: Document{{}} for class: class com.arabbank.hotelservice.crazyhotels.model.entity.CrazyHotelEntity in collection: crazyhotels
[0;39m
[39m12:47:37.756[http-nio-9090-exec-3] DEBUG o.s.data.mongodb.core.MongoTemplate - Remove using query: { "rid" : "25"} in collection: crazyhotels.
[0;39m
[34m12:48:07.894[main] INFO  c.a.h.c.CrazyhotelsApplication - Starting CrazyhotelsApplication using Java 18 with PID 12292 (E:\crazyhotels\target\classes started by User in E:\crazyhotels)
[0;39m
[34m12:48:07.897[main] INFO  c.a.h.c.CrazyhotelsApplication - No active profile set, falling back to 1 default profile: "default"
[0;39m
[34m12:48:08.404[main] INFO  o.s.d.r.c.RepositoryConfigurationDelegate - Bootstrapping Spring Data MongoDB repositories in DEFAULT mode.
[0;39m
[34m12:48:08.450[main] INFO  o.s.d.r.c.RepositoryConfigurationDelegate - Finished Spring Data repository scanning in 42 ms. Found 1 MongoDB repository interfaces.
[0;39m
[34m12:48:08.852[main] INFO  o.s.b.w.e.tomcat.TomcatWebServer - Tomcat initialized with port(s): 9090 (http)
[0;39m
[34m12:48:08.858[main] INFO  o.a.coyote.http11.Http11NioProtocol - Initializing ProtocolHandler ["http-nio-9090"]
[0;39m
[34m12:48:08.860[main] INFO  o.a.catalina.core.StandardService - Starting service [Tomcat]
[0;39m
[34m12:48:08.860[main] INFO  o.a.catalina.core.StandardEngine - Starting Servlet engine: [Apache Tomcat/10.1.13]
[0;39m
[34m12:48:08.928[main] INFO  o.a.c.c.C.[.[.[/crazyhotel] - Initializing Spring embedded WebApplicationContext
[0;39m
[34m12:48:08.928[main] INFO  o.s.b.w.s.c.ServletWebServerApplicationContext - Root WebApplicationContext: initialization completed in 978 ms
[0;39m
[34m12:48:09.070[main] INFO  org.mongodb.driver.client - MongoClient with metadata {"driver": {"name": "mongo-java-driver|sync|spring-boot", "version": "4.9.1"}, "os": {"type": "Windows", "name": "Windows 11", "architecture": "amd64", "version": "10.0"}, "platform": "Java/Oracle Corporation/18+36-2087"} created with settings MongoClientSettings{readPreference=primary, writeConcern=WriteConcern{w=null, wTimeout=null ms, journal=null}, retryWrites=true, retryReads=true, readConcern=ReadConcern{level=null}, credential=null, streamFactoryFactory=null, commandListeners=[], codecRegistry=ProvidersCodecRegistry{codecProviders=[ValueCodecProvider{}, BsonValueCodecProvider{}, DBRefCodecProvider{}, DBObjectCodecProvider{}, DocumentCodecProvider{}, CollectionCodecProvider{}, IterableCodecProvider{}, MapCodecProvider{}, GeoJsonCodecProvider{}, GridFSFileCodecProvider{}, Jsr310CodecProvider{}, JsonObjectCodecProvider{}, BsonCodecProvider{}, EnumCodecProvider{}, com.mongodb.client.model.mql.ExpressionCodecProvider@34208baa, com.mongodb.Jep395RecordCodecProvider@71370fec]}, loggerSettings=LoggerSettings{maxDocumentLength=1000}, clusterSettings={hosts=[localhost:27017], srvServiceName=mongodb, mode=SINGLE, requiredClusterType=UNKNOWN, requiredReplicaSetName='null', serverSelector='null', clusterListeners='[]', serverSelectionTimeout='30000 ms', localThreshold='30000 ms'}, socketSettings=SocketSettings{connectTimeoutMS=10000, readTimeoutMS=0, receiveBufferSize=0, sendBufferSize=0}, heartbeatSocketSettings=SocketSettings{connectTimeoutMS=10000, readTimeoutMS=10000, receiveBufferSize=0, sendBufferSize=0}, connectionPoolSettings=ConnectionPoolSettings{maxSize=100, minSize=0, maxWaitTimeMS=120000, maxConnectionLifeTimeMS=0, maxConnectionIdleTimeMS=0, maintenanceInitialDelayMS=0, maintenanceFrequencyMS=60000, connectionPoolListeners=[], maxConnecting=2}, serverSettings=ServerSettings{heartbeatFrequencyMS=10000, minHeartbeatFrequencyMS=500, serverListeners='[]', serverMonitorListeners='[]'}, sslSettings=SslSettings{enabled=false, invalidHostNameAllowed=false, context=null}, applicationName='null', compressorList=[], uuidRepresentation=JAVA_LEGACY, serverApi=null, autoEncryptionSettings=null, contextProvider=null}
[0;39m
[34m12:48:09.091[cluster-ClusterId{value='6530d831679c4354cd761662', description='null'}-localhost:27017] INFO  org.mongodb.driver.cluster - Monitor thread successfully connected to server with description ServerDescription{address=localhost:27017, type=STANDALONE, state=CONNECTED, ok=true, minWireVersion=0, maxWireVersion=21, maxDocumentSize=16777216, logicalSessionTimeoutMinutes=30, roundTripTimeNanos=20884900}
[0;39m
[34m12:48:09.849[main] INFO  o.a.coyote.http11.Http11NioProtocol - Starting ProtocolHandler ["http-nio-9090"]
[0;39m
[34m12:48:09.880[main] INFO  o.s.b.w.e.tomcat.TomcatWebServer - Tomcat started on port(s): 9090 (http) with context path '/crazyhotel'
[0;39m
[34m12:48:09.888[main] INFO  c.a.h.c.CrazyhotelsApplication - Started CrazyhotelsApplication in 2.42 seconds (process running for 2.705)
[0;39m
[34m12:48:15.512[http-nio-9090-exec-2] INFO  o.a.c.c.C.[.[.[/crazyhotel] - Initializing Spring DispatcherServlet 'dispatcherServlet'
[0;39m
[34m12:48:15.513[http-nio-9090-exec-2] INFO  o.s.web.servlet.DispatcherServlet - Initializing Servlet 'dispatcherServlet'
[0;39m
[34m12:48:15.513[http-nio-9090-exec-2] INFO  o.s.web.servlet.DispatcherServlet - Completed initialization in 0 ms
[0;39m
[39m12:48:15.597[http-nio-9090-exec-2] DEBUG o.s.data.mongodb.core.MongoTemplate - find using query: { "name" : "ModelVilla"} fields: Document{{}} for class: class com.arabbank.hotelservice.crazyhotels.model.entity.CrazyHotelEntity in collection: crazyhotels
[0;39m
[39m12:48:15.653[http-nio-9090-exec-2] DEBUG o.s.data.mongodb.core.MongoTemplate - Inserting Document containing fields: [rid, city, fromDate, toDate, numberOfAdults, name, rating, price, discount, roomAmenenties, _class] in collection: crazyhotels
[0;39m
[39m12:48:17.709[http-nio-9090-exec-3] DEBUG o.s.data.mongodb.core.MongoTemplate - find using query: { "rid" : "25"} fields: Document{{}} for class: class com.arabbank.hotelservice.crazyhotels.model.entity.CrazyHotelEntity in collection: crazyhotels
[0;39m
[39m12:48:17.723[http-nio-9090-exec-3] DEBUG o.s.data.mongodb.core.MongoTemplate - Remove using query: { "rid" : "25"} in collection: crazyhotels.
[0;39m
[39m12:48:23.860[http-nio-9090-exec-4] DEBUG o.s.data.mongodb.core.MongoTemplate - find using query: { "rid" : "25"} fields: Document{{}} for class: class com.arabbank.hotelservice.crazyhotels.model.entity.CrazyHotelEntity in collection: crazyhotels
[0;39m
[39m12:48:39.390[http-nio-9090-exec-6] DEBUG o.s.data.mongodb.core.MongoTemplate - find using query: { "name" : "NOVOTEL"} fields: Document{{}} for class: class com.arabbank.hotelservice.crazyhotels.model.entity.CrazyHotelEntity in collection: crazyhotels
[0;39m
[39m12:48:39.393[http-nio-9090-exec-6] DEBUG o.s.data.mongodb.core.MongoTemplate - Saving Document containing fields: [_id, rid, city, numberOfAdults, name, rating, price, discount, roomAmenenties, _class]
[0;39m
[34m13:04:27.397[main] INFO  c.a.h.c.CrazyhotelsApplication - Starting CrazyhotelsApplication using Java 18 with PID 25456 (E:\crazyhotels\target\classes started by User in E:\crazyhotels)
[0;39m
[34m13:04:27.404[main] INFO  c.a.h.c.CrazyhotelsApplication - No active profile set, falling back to 1 default profile: "default"
[0;39m
[34m13:04:27.972[main] INFO  o.s.d.r.c.RepositoryConfigurationDelegate - Bootstrapping Spring Data MongoDB repositories in DEFAULT mode.
[0;39m
[34m13:04:28.015[main] INFO  o.s.d.r.c.RepositoryConfigurationDelegate - Finished Spring Data repository scanning in 40 ms. Found 1 MongoDB repository interfaces.
[0;39m
[34m13:04:28.429[main] INFO  o.s.b.w.e.tomcat.TomcatWebServer - Tomcat initialized with port(s): 9090 (http)
[0;39m
[34m13:04:28.435[main] INFO  o.a.coyote.http11.Http11NioProtocol - Initializing ProtocolHandler ["http-nio-9090"]
[0;39m
[34m13:04:28.436[main] INFO  o.a.catalina.core.StandardService - Starting service [Tomcat]
[0;39m
[34m13:04:28.436[main] INFO  o.a.catalina.core.StandardEngine - Starting Servlet engine: [Apache Tomcat/10.1.13]
[0;39m
[34m13:04:28.512[main] INFO  o.a.c.c.C.[.[.[/crazyhotel] - Initializing Spring embedded WebApplicationContext
[0;39m
[34m13:04:28.513[main] INFO  o.s.b.w.s.c.ServletWebServerApplicationContext - Root WebApplicationContext: initialization completed in 1059 ms
[0;39m
[34m13:04:28.660[main] INFO  org.mongodb.driver.client - MongoClient with metadata {"driver": {"name": "mongo-java-driver|sync|spring-boot", "version": "4.9.1"}, "os": {"type": "Windows", "name": "Windows 11", "architecture": "amd64", "version": "10.0"}, "platform": "Java/Oracle Corporation/18+36-2087"} created with settings MongoClientSettings{readPreference=primary, writeConcern=WriteConcern{w=null, wTimeout=null ms, journal=null}, retryWrites=true, retryReads=true, readConcern=ReadConcern{level=null}, credential=null, streamFactoryFactory=null, commandListeners=[], codecRegistry=ProvidersCodecRegistry{codecProviders=[ValueCodecProvider{}, BsonValueCodecProvider{}, DBRefCodecProvider{}, DBObjectCodecProvider{}, DocumentCodecProvider{}, CollectionCodecProvider{}, IterableCodecProvider{}, MapCodecProvider{}, GeoJsonCodecProvider{}, GridFSFileCodecProvider{}, Jsr310CodecProvider{}, JsonObjectCodecProvider{}, BsonCodecProvider{}, EnumCodecProvider{}, com.mongodb.client.model.mql.ExpressionCodecProvider@4ef2ab73, com.mongodb.Jep395RecordCodecProvider@34be065a]}, loggerSettings=LoggerSettings{maxDocumentLength=1000}, clusterSettings={hosts=[localhost:27017], srvServiceName=mongodb, mode=SINGLE, requiredClusterType=UNKNOWN, requiredReplicaSetName='null', serverSelector='null', clusterListeners='[]', serverSelectionTimeout='30000 ms', localThreshold='30000 ms'}, socketSettings=SocketSettings{connectTimeoutMS=10000, readTimeoutMS=0, receiveBufferSize=0, sendBufferSize=0}, heartbeatSocketSettings=SocketSettings{connectTimeoutMS=10000, readTimeoutMS=10000, receiveBufferSize=0, sendBufferSize=0}, connectionPoolSettings=ConnectionPoolSettings{maxSize=100, minSize=0, maxWaitTimeMS=120000, maxConnectionLifeTimeMS=0, maxConnectionIdleTimeMS=0, maintenanceInitialDelayMS=0, maintenanceFrequencyMS=60000, connectionPoolListeners=[], maxConnecting=2}, serverSettings=ServerSettings{heartbeatFrequencyMS=10000, minHeartbeatFrequencyMS=500, serverListeners='[]', serverMonitorListeners='[]'}, sslSettings=SslSettings{enabled=false, invalidHostNameAllowed=false, context=null}, applicationName='null', compressorList=[], uuidRepresentation=JAVA_LEGACY, serverApi=null, autoEncryptionSettings=null, contextProvider=null}
[0;39m
[34m13:04:28.677[cluster-ClusterId{value='6530dc041a068f7698b5716c', description='null'}-localhost:27017] INFO  org.mongodb.driver.cluster - Monitor thread successfully connected to server with description ServerDescription{address=localhost:27017, type=STANDALONE, state=CONNECTED, ok=true, minWireVersion=0, maxWireVersion=21, maxDocumentSize=16777216, logicalSessionTimeoutMinutes=30, roundTripTimeNanos=18554500}
[0;39m
[34m13:04:29.475[main] INFO  o.a.coyote.http11.Http11NioProtocol - Starting ProtocolHandler ["http-nio-9090"]
[0;39m
[34m13:04:29.515[main] INFO  o.s.b.w.e.tomcat.TomcatWebServer - Tomcat started on port(s): 9090 (http) with context path '/crazyhotel'
[0;39m
[34m13:04:29.523[main] INFO  c.a.h.c.CrazyhotelsApplication - Started CrazyhotelsApplication in 2.52 seconds (process running for 2.807)
[0;39m
[34m13:06:19.220[main] INFO  c.a.h.c.CrazyhotelsApplication - Starting CrazyhotelsApplication using Java 18 with PID 18676 (E:\crazyhotels\target\classes started by User in E:\crazyhotels)
[0;39m
[34m13:06:19.224[main] INFO  c.a.h.c.CrazyhotelsApplication - No active profile set, falling back to 1 default profile: "default"
[0;39m
[34m13:06:19.722[main] INFO  o.s.d.r.c.RepositoryConfigurationDelegate - Bootstrapping Spring Data MongoDB repositories in DEFAULT mode.
[0;39m
[34m13:06:19.764[main] INFO  o.s.d.r.c.RepositoryConfigurationDelegate - Finished Spring Data repository scanning in 38 ms. Found 1 MongoDB repository interfaces.
[0;39m
[34m13:06:20.224[main] INFO  o.s.b.w.e.tomcat.TomcatWebServer - Tomcat initialized with port(s): 9090 (http)
[0;39m
[34m13:06:20.228[main] INFO  o.a.coyote.http11.Http11NioProtocol - Initializing ProtocolHandler ["http-nio-9090"]
[0;39m
[34m13:06:20.230[main] INFO  o.a.catalina.core.StandardService - Starting service [Tomcat]
[0;39m
[34m13:06:20.230[main] INFO  o.a.catalina.core.StandardEngine - Starting Servlet engine: [Apache Tomcat/10.1.13]
[0;39m
[34m13:06:20.315[main] INFO  o.a.c.c.C.[.[.[/crazyhotel] - Initializing Spring embedded WebApplicationContext
[0;39m
[34m13:06:20.315[main] INFO  o.s.b.w.s.c.ServletWebServerApplicationContext - Root WebApplicationContext: initialization completed in 1034 ms
[0;39m
[34m13:06:20.458[main] INFO  org.mongodb.driver.client - MongoClient with metadata {"driver": {"name": "mongo-java-driver|sync|spring-boot", "version": "4.9.1"}, "os": {"type": "Windows", "name": "Windows 11", "architecture": "amd64", "version": "10.0"}, "platform": "Java/Oracle Corporation/18+36-2087"} created with settings MongoClientSettings{readPreference=primary, writeConcern=WriteConcern{w=null, wTimeout=null ms, journal=null}, retryWrites=true, retryReads=true, readConcern=ReadConcern{level=null}, credential=null, streamFactoryFactory=null, commandListeners=[], codecRegistry=ProvidersCodecRegistry{codecProviders=[ValueCodecProvider{}, BsonValueCodecProvider{}, DBRefCodecProvider{}, DBObjectCodecProvider{}, DocumentCodecProvider{}, CollectionCodecProvider{}, IterableCodecProvider{}, MapCodecProvider{}, GeoJsonCodecProvider{}, GridFSFileCodecProvider{}, Jsr310CodecProvider{}, JsonObjectCodecProvider{}, BsonCodecProvider{}, EnumCodecProvider{}, com.mongodb.client.model.mql.ExpressionCodecProvider@41ef1ea2, com.mongodb.Jep395RecordCodecProvider@5dfe23e8]}, loggerSettings=LoggerSettings{maxDocumentLength=1000}, clusterSettings={hosts=[localhost:27017], srvServiceName=mongodb, mode=SINGLE, requiredClusterType=UNKNOWN, requiredReplicaSetName='null', serverSelector='null', clusterListeners='[]', serverSelectionTimeout='30000 ms', localThreshold='30000 ms'}, socketSettings=SocketSettings{connectTimeoutMS=10000, readTimeoutMS=0, receiveBufferSize=0, sendBufferSize=0}, heartbeatSocketSettings=SocketSettings{connectTimeoutMS=10000, readTimeoutMS=10000, receiveBufferSize=0, sendBufferSize=0}, connectionPoolSettings=ConnectionPoolSettings{maxSize=100, minSize=0, maxWaitTimeMS=120000, maxConnectionLifeTimeMS=0, maxConnectionIdleTimeMS=0, maintenanceInitialDelayMS=0, maintenanceFrequencyMS=60000, connectionPoolListeners=[], maxConnecting=2}, serverSettings=ServerSettings{heartbeatFrequencyMS=10000, minHeartbeatFrequencyMS=500, serverListeners='[]', serverMonitorListeners='[]'}, sslSettings=SslSettings{enabled=false, invalidHostNameAllowed=false, context=null}, applicationName='null', compressorList=[], uuidRepresentation=JAVA_LEGACY, serverApi=null, autoEncryptionSettings=null, contextProvider=null}
[0;39m
[34m13:06:20.477[cluster-ClusterId{value='6530dc74510fe73dc4cd8a82', description='null'}-localhost:27017] INFO  org.mongodb.driver.cluster - Monitor thread successfully connected to server with description ServerDescription{address=localhost:27017, type=STANDALONE, state=CONNECTED, ok=true, minWireVersion=0, maxWireVersion=21, maxDocumentSize=16777216, logicalSessionTimeoutMinutes=30, roundTripTimeNanos=17436900}
[0;39m
[34m13:06:21.278[main] INFO  o.a.coyote.http11.Http11NioProtocol - Starting ProtocolHandler ["http-nio-9090"]
[0;39m
[34m13:06:21.310[main] INFO  o.s.b.w.e.tomcat.TomcatWebServer - Tomcat started on port(s): 9090 (http) with context path '/crazyhotel'
[0;39m
[34m13:06:21.315[main] INFO  c.a.h.c.CrazyhotelsApplication - Started CrazyhotelsApplication in 2.493 seconds (process running for 2.785)
[0;39m
[34m13:51:46.568[http-nio-9090-exec-1] INFO  o.a.c.c.C.[.[.[/crazyhotel] - Initializing Spring DispatcherServlet 'dispatcherServlet'
[0;39m
[34m13:51:46.569[http-nio-9090-exec-1] INFO  o.s.web.servlet.DispatcherServlet - Initializing Servlet 'dispatcherServlet'
[0;39m
[34m13:51:46.570[http-nio-9090-exec-1] INFO  o.s.web.servlet.DispatcherServlet - Completed initialization in 1 ms
[0;39m
[39m13:51:46.610[http-nio-9090-exec-1] DEBUG o.s.data.mongodb.core.MongoTemplate - find using query: { "$and" : [{ "toDate" : { "$lte" : { "$date" : "2025-05-19T18:30:00Z"}}}, { "fromDate" : { "$gte" : { "$date" : "2023-03-31T18:30:00Z"}}}], "city" : "ERN"} fields: Document{{}} for class: class com.arabbank.hotelservice.crazyhotels.model.entity.CrazyHotelEntity in collection: crazyhotels
[0;39m
[39m13:57:53.842[http-nio-9090-exec-3] DEBUG o.s.data.mongodb.core.MongoTemplate - find using query: { "$and" : [{ "toDate" : { "$lte" : { "$date" : "2025-05-19T18:30:00Z"}}}, { "fromDate" : { "$gte" : { "$date" : "2023-03-31T18:30:00Z"}}}], "city" : "ERN"} fields: Document{{}} for class: class com.arabbank.hotelservice.crazyhotels.model.entity.CrazyHotelEntity in collection: crazyhotels
[0;39m
[39m14:30:54.895[http-nio-9090-exec-6] DEBUG o.s.data.mongodb.core.MongoTemplate - find using query: { "$and" : [{ "toDate" : { "$lte" : { "$date" : "2025-11-19T18:30:00Z"}}}, { "fromDate" : { "$gte" : { "$date" : "2023-03-31T18:30:00Z"}}}], "city" : "ERN"} fields: Document{{}} for class: class com.arabbank.hotelservice.crazyhotels.model.entity.CrazyHotelEntity in collection: crazyhotels
[0;39m
[39m14:50:54.253[http-nio-9090-exec-8] DEBUG o.s.data.mongodb.core.MongoTemplate - find using query: { "$and" : [{ "toDate" : { "$lte" : { "$date" : "2025-05-19T18:30:00Z"}}}, { "fromDate" : { "$gte" : { "$date" : "2023-03-31T18:30:00Z"}}}], "city" : "ERN"} fields: Document{{}} for class: class com.arabbank.hotelservice.crazyhotels.model.entity.CrazyHotelEntity in collection: crazyhotels
[0;39m
[39m14:58:18.555[http-nio-9090-exec-10] DEBUG o.s.data.mongodb.core.MongoTemplate - find using query: { "$and" : [{ "toDate" : { "$lte" : { "$date" : "2025-05-19T18:30:00Z"}}}, { "fromDate" : { "$gte" : { "$date" : "2023-03-31T18:30:00Z"}}}], "city" : "ERN"} fields: Document{{}} for class: class com.arabbank.hotelservice.crazyhotels.model.entity.CrazyHotelEntity in collection: crazyhotels
[0;39m
[39m15:09:04.739[http-nio-9090-exec-2] DEBUG o.s.data.mongodb.core.MongoTemplate - find using query: { "$and" : [{ "toDate" : { "$lte" : { "$date" : "2025-05-19T18:30:00Z"}}}, { "fromDate" : { "$gte" : { "$date" : "2023-03-31T18:30:00Z"}}}], "city" : "ERN"} fields: Document{{}} for class: class com.arabbank.hotelservice.crazyhotels.model.entity.CrazyHotelEntity in collection: crazyhotels
[0;39m
[39m15:17:49.484[http-nio-9090-exec-5] DEBUG o.s.data.mongodb.core.MongoTemplate - find using query: { "$and" : [{ "toDate" : { "$lte" : { "$date" : "2025-11-19T18:30:00Z"}}}, { "fromDate" : { "$gte" : { "$date" : "2023-03-31T18:30:00Z"}}}], "city" : "ERN"} fields: Document{{}} for class: class com.arabbank.hotelservice.crazyhotels.model.entity.CrazyHotelEntity in collection: crazyhotels
[0;39m
[39m15:19:06.935[http-nio-9090-exec-7] DEBUG o.s.data.mongodb.core.MongoTemplate - find using query: { "$and" : [{ "toDate" : { "$lte" : { "$date" : "2025-11-19T18:30:00Z"}}}, { "fromDate" : { "$gte" : { "$date" : "2023-03-31T18:30:00Z"}}}], "city" : "ERN"} fields: Document{{}} for class: class com.arabbank.hotelservice.crazyhotels.model.entity.CrazyHotelEntity in collection: crazyhotels
[0;39m
[39m15:19:10.154[http-nio-9090-exec-9] DEBUG o.s.data.mongodb.core.MongoTemplate - find using query: { "$and" : [{ "toDate" : { "$lte" : { "$date" : "2025-11-19T18:30:00Z"}}}, { "fromDate" : { "$gte" : { "$date" : "2023-03-31T18:30:00Z"}}}], "city" : "ERN"} fields: Document{{}} for class: class com.arabbank.hotelservice.crazyhotels.model.entity.CrazyHotelEntity in collection: crazyhotels
[0;39m
[39m15:24:44.023[http-nio-9090-exec-1] DEBUG o.s.data.mongodb.core.MongoTemplate - find using query: { "$and" : [{ "toDate" : { "$lte" : { "$date" : "2025-05-19T18:30:00Z"}}}, { "fromDate" : { "$gte" : { "$date" : "2023-03-31T18:30:00Z"}}}], "city" : "ERN"} fields: Document{{}} for class: class com.arabbank.hotelservice.crazyhotels.model.entity.CrazyHotelEntity in collection: crazyhotels
[0;39m
[39m15:47:07.060[http-nio-9090-exec-3] DEBUG o.s.data.mongodb.core.MongoTemplate - find using query: { "$and" : [{ "toDate" : { "$lte" : { "$date" : "2025-05-19T18:30:00Z"}}}, { "fromDate" : { "$gte" : { "$date" : "2023-03-31T18:30:00Z"}}}], "city" : "ERN"} fields: Document{{}} for class: class com.arabbank.hotelservice.crazyhotels.model.entity.CrazyHotelEntity in collection: crazyhotels
[0;39m
[39m15:52:22.711[http-nio-9090-exec-6] DEBUG o.s.data.mongodb.core.MongoTemplate - find using query: { "$and" : [{ "toDate" : { "$lte" : { "$date" : "2025-11-19T18:30:00Z"}}}, { "fromDate" : { "$gte" : { "$date" : "2023-03-31T18:30:00Z"}}}], "city" : "ERN"} fields: Document{{}} for class: class com.arabbank.hotelservice.crazyhotels.model.entity.CrazyHotelEntity in collection: crazyhotels
[0;39m
[39m15:52:27.983[http-nio-9090-exec-8] DEBUG o.s.data.mongodb.core.MongoTemplate - find using query: { "$and" : [{ "toDate" : { "$lte" : { "$date" : "2025-05-19T18:30:00Z"}}}, { "fromDate" : { "$gte" : { "$date" : "2023-03-31T18:30:00Z"}}}], "city" : "ERN"} fields: Document{{}} for class: class com.arabbank.hotelservice.crazyhotels.model.entity.CrazyHotelEntity in collection: crazyhotels
[0;39m
[39m15:59:15.512[http-nio-9090-exec-10] DEBUG o.s.data.mongodb.core.MongoTemplate - find using query: { "$and" : [{ "toDate" : { "$lte" : { "$date" : "2025-05-19T18:30:00Z"}}}, { "fromDate" : { "$gte" : { "$date" : "2023-03-31T18:30:00Z"}}}], "city" : "ERS"} fields: Document{{}} for class: class com.arabbank.hotelservice.crazyhotels.model.entity.CrazyHotelEntity in collection: crazyhotels
[0;39m
[39m15:59:21.876[http-nio-9090-exec-1] DEBUG o.s.data.mongodb.core.MongoTemplate - find using query: { "$and" : [{ "toDate" : { "$lte" : { "$date" : "2025-05-19T18:30:00Z"}}}, { "fromDate" : { "$gte" : { "$date" : "2023-03-31T18:30:00Z"}}}], "city" : "ERN"} fields: Document{{}} for class: class com.arabbank.hotelservice.crazyhotels.model.entity.CrazyHotelEntity in collection: crazyhotels
[0;39m
[39m16:19:38.040[http-nio-9090-exec-3] DEBUG o.s.data.mongodb.core.MongoTemplate - find using query: { "$and" : [{ "toDate" : { "$lte" : { "$date" : "2025-05-19T18:30:00Z"}}}, { "fromDate" : { "$gte" : { "$date" : "2025-03-31T18:30:00Z"}}}], "city" : "ERN"} fields: Document{{}} for class: class com.arabbank.hotelservice.crazyhotels.model.entity.CrazyHotelEntity in collection: crazyhotels
[0;39m
[39m16:19:45.306[http-nio-9090-exec-4] DEBUG o.s.data.mongodb.core.MongoTemplate - find using query: { "$and" : [{ "toDate" : { "$lte" : { "$date" : "2025-05-19T18:30:00Z"}}}, { "fromDate" : { "$gte" : { "$date" : "2023-03-31T18:30:00Z"}}}], "city" : "ERN"} fields: Document{{}} for class: class com.arabbank.hotelservice.crazyhotels.model.entity.CrazyHotelEntity in collection: crazyhotels
[0;39m
[39m16:20:21.893[http-nio-9090-exec-6] DEBUG o.s.data.mongodb.core.MongoTemplate - find using query: { "$and" : [{ "toDate" : { "$lte" : { "$date" : "2025-05-19T18:30:00Z"}}}, { "fromDate" : { "$gte" : { "$date" : "2023-03-31T18:30:00Z"}}}], "city" : "ERN"} fields: Document{{}} for class: class com.arabbank.hotelservice.crazyhotels.model.entity.CrazyHotelEntity in collection: crazyhotels
[0;39m
[39m16:27:04.626[http-nio-9090-exec-9] DEBUG o.s.data.mongodb.core.MongoTemplate - find using query: { "rid" : "25"} fields: Document{{}} for class: class com.arabbank.hotelservice.crazyhotels.model.entity.CrazyHotelEntity in collection: crazyhotels
[0;39m
[39m16:27:13.234[http-nio-9090-exec-1] DEBUG o.s.data.mongodb.core.MongoTemplate - find using query: { "name" : "ModelVilla"} fields: Document{{}} for class: class com.arabbank.hotelservice.crazyhotels.model.entity.CrazyHotelEntity in collection: crazyhotels
[0;39m
[39m16:27:34.866[http-nio-9090-exec-3] DEBUG o.s.data.mongodb.core.MongoTemplate - find using query: { "name" : "ModelVilla"} fields: Document{{}} for class: class com.arabbank.hotelservice.crazyhotels.model.entity.CrazyHotelEntity in collection: crazyhotels
[0;39m
[39m16:29:29.076[http-nio-9090-exec-4] DEBUG o.s.data.mongodb.core.MongoTemplate - find using query: { "name" : "ModelVilla"} fields: Document{{}} for class: class com.arabbank.hotelservice.crazyhotels.model.entity.CrazyHotelEntity in collection: crazyhotels
[0;39m
[39m16:29:40.807[http-nio-9090-exec-8] DEBUG o.s.data.mongodb.core.MongoTemplate - find using query: { "name" : "ModelVilla"} fields: Document{{}} for class: class com.arabbank.hotelservice.crazyhotels.model.entity.CrazyHotelEntity in collection: crazyhotels
[0;39m
[39m16:29:45.756[http-nio-9090-exec-9] DEBUG o.s.data.mongodb.core.MongoTemplate - find using query: { "name" : "ModelVilla"} fields: Document{{}} for class: class com.arabbank.hotelservice.crazyhotels.model.entity.CrazyHotelEntity in collection: crazyhotels
[0;39m
[39m16:31:28.965[http-nio-9090-exec-10] DEBUG o.s.data.mongodb.core.MongoTemplate - find using query: { "name" : ""} fields: Document{{}} for class: class com.arabbank.hotelservice.crazyhotels.model.entity.CrazyHotelEntity in collection: crazyhotels
[0;39m
[39m16:31:32.104[http-nio-9090-exec-3] DEBUG o.s.data.mongodb.core.MongoTemplate - find using query: { "name" : ""} fields: Document{{}} for class: class com.arabbank.hotelservice.crazyhotels.model.entity.CrazyHotelEntity in collection: crazyhotels
[0;39m
[39m16:31:36.273[http-nio-9090-exec-4] DEBUG o.s.data.mongodb.core.MongoTemplate - find using query: { "name" : ""} fields: Document{{}} for class: class com.arabbank.hotelservice.crazyhotels.model.entity.CrazyHotelEntity in collection: crazyhotels
[0;39m
[39m16:31:36.933[http-nio-9090-exec-8] DEBUG o.s.data.mongodb.core.MongoTemplate - find using query: { "name" : ""} fields: Document{{}} for class: class com.arabbank.hotelservice.crazyhotels.model.entity.CrazyHotelEntity in collection: crazyhotels
[0;39m
[39m16:31:37.582[http-nio-9090-exec-9] DEBUG o.s.data.mongodb.core.MongoTemplate - find using query: { "name" : ""} fields: Document{{}} for class: class com.arabbank.hotelservice.crazyhotels.model.entity.CrazyHotelEntity in collection: crazyhotels
[0;39m
[39m16:31:43.159[http-nio-9090-exec-10] DEBUG o.s.data.mongodb.core.MongoTemplate - find using query: { "name" : ""} fields: Document{{}} for class: class com.arabbank.hotelservice.crazyhotels.model.entity.CrazyHotelEntity in collection: crazyhotels
[0;39m
[39m16:31:43.183[http-nio-9090-exec-10] DEBUG o.s.data.mongodb.core.MongoTemplate - Inserting Document containing fields: [rid, city, fromDate, toDate, numberOfAdults, name, rating, price, discount, roomAmenenties, _class] in collection: crazyhotels
[0;39m
[39m16:32:42.175[http-nio-9090-exec-5] DEBUG o.s.data.mongodb.core.MongoTemplate - find using query: { "name" : ""} fields: Document{{}} for class: class com.arabbank.hotelservice.crazyhotels.model.entity.CrazyHotelEntity in collection: crazyhotels
[0;39m
[39m16:32:52.612[http-nio-9090-exec-6] DEBUG o.s.data.mongodb.core.MongoTemplate - find using query: { "rid" : "25"} fields: Document{{}} for class: class com.arabbank.hotelservice.crazyhotels.model.entity.CrazyHotelEntity in collection: crazyhotels
[0;39m
[39m16:32:52.620[http-nio-9090-exec-6] DEBUG o.s.data.mongodb.core.MongoTemplate - Remove using query: { "rid" : "25"} in collection: crazyhotels.
[0;39m
[39m16:32:57.242[http-nio-9090-exec-8] DEBUG o.s.data.mongodb.core.MongoTemplate - find using query: { "name" : ""} fields: Document{{}} for class: class com.arabbank.hotelservice.crazyhotels.model.entity.CrazyHotelEntity in collection: crazyhotels
[0;39m
[39m16:32:57.244[http-nio-9090-exec-8] DEBUG o.s.data.mongodb.core.MongoTemplate - Inserting Document containing fields: [rid, city, fromDate, toDate, numberOfAdults, name, rating, price, discount, roomAmenenties, _class] in collection: crazyhotels
[0;39m
[34m16:33:11.848[main] INFO  c.a.h.c.CrazyhotelsApplication - Starting CrazyhotelsApplication using Java 18 with PID 21248 (E:\crazyhotels\target\classes started by User in E:\crazyhotels)
[0;39m
[34m16:33:11.850[main] INFO  c.a.h.c.CrazyhotelsApplication - No active profile set, falling back to 1 default profile: "default"
[0;39m
[34m16:33:12.353[main] INFO  o.s.d.r.c.RepositoryConfigurationDelegate - Bootstrapping Spring Data MongoDB repositories in DEFAULT mode.
[0;39m
[34m16:33:12.387[main] INFO  o.s.d.r.c.RepositoryConfigurationDelegate - Finished Spring Data repository scanning in 31 ms. Found 1 MongoDB repository interfaces.
[0;39m
[34m16:33:12.816[main] INFO  o.s.b.w.e.tomcat.TomcatWebServer - Tomcat initialized with port(s): 9090 (http)
[0;39m
[34m16:33:12.821[main] INFO  o.a.coyote.http11.Http11NioProtocol - Initializing ProtocolHandler ["http-nio-9090"]
[0;39m
[34m16:33:12.822[main] INFO  o.a.catalina.core.StandardService - Starting service [Tomcat]
[0;39m
[34m16:33:12.822[main] INFO  o.a.catalina.core.StandardEngine - Starting Servlet engine: [Apache Tomcat/10.1.13]
[0;39m
[34m16:33:12.903[main] INFO  o.a.c.c.C.[.[.[/crazyhotel] - Initializing Spring embedded WebApplicationContext
[0;39m
[34m16:33:12.903[main] INFO  o.s.b.w.s.c.ServletWebServerApplicationContext - Root WebApplicationContext: initialization completed in 1007 ms
[0;39m
[34m16:33:13.043[main] INFO  org.mongodb.driver.client - MongoClient with metadata {"driver": {"name": "mongo-java-driver|sync|spring-boot", "version": "4.9.1"}, "os": {"type": "Windows", "name": "Windows 11", "architecture": "amd64", "version": "10.0"}, "platform": "Java/Oracle Corporation/18+36-2087"} created with settings MongoClientSettings{readPreference=primary, writeConcern=WriteConcern{w=null, wTimeout=null ms, journal=null}, retryWrites=true, retryReads=true, readConcern=ReadConcern{level=null}, credential=null, streamFactoryFactory=null, commandListeners=[], codecRegistry=ProvidersCodecRegistry{codecProviders=[ValueCodecProvider{}, BsonValueCodecProvider{}, DBRefCodecProvider{}, DBObjectCodecProvider{}, DocumentCodecProvider{}, CollectionCodecProvider{}, IterableCodecProvider{}, MapCodecProvider{}, GeoJsonCodecProvider{}, GridFSFileCodecProvider{}, Jsr310CodecProvider{}, JsonObjectCodecProvider{}, BsonCodecProvider{}, EnumCodecProvider{}, com.mongodb.client.model.mql.ExpressionCodecProvider@53d2d002, com.mongodb.Jep395RecordCodecProvider@5b39a3e6]}, loggerSettings=LoggerSettings{maxDocumentLength=1000}, clusterSettings={hosts=[localhost:27017], srvServiceName=mongodb, mode=SINGLE, requiredClusterType=UNKNOWN, requiredReplicaSetName='null', serverSelector='null', clusterListeners='[]', serverSelectionTimeout='30000 ms', localThreshold='30000 ms'}, socketSettings=SocketSettings{connectTimeoutMS=10000, readTimeoutMS=0, receiveBufferSize=0, sendBufferSize=0}, heartbeatSocketSettings=SocketSettings{connectTimeoutMS=10000, readTimeoutMS=10000, receiveBufferSize=0, sendBufferSize=0}, connectionPoolSettings=ConnectionPoolSettings{maxSize=100, minSize=0, maxWaitTimeMS=120000, maxConnectionLifeTimeMS=0, maxConnectionIdleTimeMS=0, maintenanceInitialDelayMS=0, maintenanceFrequencyMS=60000, connectionPoolListeners=[], maxConnecting=2}, serverSettings=ServerSettings{heartbeatFrequencyMS=10000, minHeartbeatFrequencyMS=500, serverListeners='[]', serverMonitorListeners='[]'}, sslSettings=SslSettings{enabled=false, invalidHostNameAllowed=false, context=null}, applicationName='null', compressorList=[], uuidRepresentation=JAVA_LEGACY, serverApi=null, autoEncryptionSettings=null, contextProvider=null}
[0;39m
[34m16:33:13.061[cluster-ClusterId{value='65310cf1558704789d413831', description='null'}-localhost:27017] INFO  org.mongodb.driver.cluster - Monitor thread successfully connected to server with description ServerDescription{address=localhost:27017, type=STANDALONE, state=CONNECTED, ok=true, minWireVersion=0, maxWireVersion=21, maxDocumentSize=16777216, logicalSessionTimeoutMinutes=30, roundTripTimeNanos=17910600}
[0;39m
[34m16:33:13.842[main] INFO  o.a.coyote.http11.Http11NioProtocol - Starting ProtocolHandler ["http-nio-9090"]
[0;39m
[34m16:33:13.880[main] INFO  o.s.b.w.e.tomcat.TomcatWebServer - Tomcat started on port(s): 9090 (http) with context path '/crazyhotel'
[0;39m
[34m16:33:13.889[main] INFO  c.a.h.c.CrazyhotelsApplication - Started CrazyhotelsApplication in 2.439 seconds (process running for 2.72)
[0;39m
[34m16:34:12.632[main] INFO  c.a.h.c.CrazyhotelsApplication - Starting CrazyhotelsApplication using Java 18 with PID 27364 (E:\crazyhotels\target\classes started by User in E:\crazyhotels)
[0;39m
[34m16:34:12.634[main] INFO  c.a.h.c.CrazyhotelsApplication - No active profile set, falling back to 1 default profile: "default"
[0;39m
[34m16:34:13.161[main] INFO  o.s.d.r.c.RepositoryConfigurationDelegate - Bootstrapping Spring Data MongoDB repositories in DEFAULT mode.
[0;39m
[34m16:34:13.210[main] INFO  o.s.d.r.c.RepositoryConfigurationDelegate - Finished Spring Data repository scanning in 45 ms. Found 1 MongoDB repository interfaces.
[0;39m
[34m16:34:13.618[main] INFO  o.s.b.w.e.tomcat.TomcatWebServer - Tomcat initialized with port(s): 9090 (http)
[0;39m
[34m16:34:13.626[main] INFO  o.a.coyote.http11.Http11NioProtocol - Initializing ProtocolHandler ["http-nio-9090"]
[0;39m
[34m16:34:13.628[main] INFO  o.a.catalina.core.StandardService - Starting service [Tomcat]
[0;39m
[34m16:34:13.628[main] INFO  o.a.catalina.core.StandardEngine - Starting Servlet engine: [Apache Tomcat/10.1.13]
[0;39m
[34m16:34:13.712[main] INFO  o.a.c.c.C.[.[.[/crazyhotel] - Initializing Spring embedded WebApplicationContext
[0;39m
[34m16:34:13.713[main] INFO  o.s.b.w.s.c.ServletWebServerApplicationContext - Root WebApplicationContext: initialization completed in 1022 ms
[0;39m
[34m16:34:13.878[main] INFO  org.mongodb.driver.client - MongoClient with metadata {"driver": {"name": "mongo-java-driver|sync|spring-boot", "version": "4.9.1"}, "os": {"type": "Windows", "name": "Windows 11", "architecture": "amd64", "version": "10.0"}, "platform": "Java/Oracle Corporation/18+36-2087"} created with settings MongoClientSettings{readPreference=primary, writeConcern=WriteConcern{w=null, wTimeout=null ms, journal=null}, retryWrites=true, retryReads=true, readConcern=ReadConcern{level=null}, credential=null, streamFactoryFactory=null, commandListeners=[], codecRegistry=ProvidersCodecRegistry{codecProviders=[ValueCodecProvider{}, BsonValueCodecProvider{}, DBRefCodecProvider{}, DBObjectCodecProvider{}, DocumentCodecProvider{}, CollectionCodecProvider{}, IterableCodecProvider{}, MapCodecProvider{}, GeoJsonCodecProvider{}, GridFSFileCodecProvider{}, Jsr310CodecProvider{}, JsonObjectCodecProvider{}, BsonCodecProvider{}, EnumCodecProvider{}, com.mongodb.client.model.mql.ExpressionCodecProvider@104dc1a2, com.mongodb.Jep395RecordCodecProvider@67d32a54]}, loggerSettings=LoggerSettings{maxDocumentLength=1000}, clusterSettings={hosts=[localhost:27017], srvServiceName=mongodb, mode=SINGLE, requiredClusterType=UNKNOWN, requiredReplicaSetName='null', serverSelector='null', clusterListeners='[]', serverSelectionTimeout='30000 ms', localThreshold='30000 ms'}, socketSettings=SocketSettings{connectTimeoutMS=10000, readTimeoutMS=0, receiveBufferSize=0, sendBufferSize=0}, heartbeatSocketSettings=SocketSettings{connectTimeoutMS=10000, readTimeoutMS=10000, receiveBufferSize=0, sendBufferSize=0}, connectionPoolSettings=ConnectionPoolSettings{maxSize=100, minSize=0, maxWaitTimeMS=120000, maxConnectionLifeTimeMS=0, maxConnectionIdleTimeMS=0, maintenanceInitialDelayMS=0, maintenanceFrequencyMS=60000, connectionPoolListeners=[], maxConnecting=2}, serverSettings=ServerSettings{heartbeatFrequencyMS=10000, minHeartbeatFrequencyMS=500, serverListeners='[]', serverMonitorListeners='[]'}, sslSettings=SslSettings{enabled=false, invalidHostNameAllowed=false, context=null}, applicationName='null', compressorList=[], uuidRepresentation=JAVA_LEGACY, serverApi=null, autoEncryptionSettings=null, contextProvider=null}
[0;39m
[34m16:34:13.897[cluster-ClusterId{value='65310d2d6d27d7133cc99f04', description='null'}-localhost:27017] INFO  org.mongodb.driver.cluster - Monitor thread successfully connected to server with description ServerDescription{address=localhost:27017, type=STANDALONE, state=CONNECTED, ok=true, minWireVersion=0, maxWireVersion=21, maxDocumentSize=16777216, logicalSessionTimeoutMinutes=30, roundTripTimeNanos=17331200}
[0;39m
[34m16:34:14.719[main] INFO  o.a.coyote.http11.Http11NioProtocol - Starting ProtocolHandler ["http-nio-9090"]
[0;39m
[34m16:34:14.757[main] INFO  o.s.b.w.e.tomcat.TomcatWebServer - Tomcat started on port(s): 9090 (http) with context path '/crazyhotel'
[0;39m
[34m16:34:14.767[main] INFO  c.a.h.c.CrazyhotelsApplication - Started CrazyhotelsApplication in 2.56 seconds (process running for 2.849)
[0;39m
[34m16:34:15.697[http-nio-9090-exec-1] INFO  o.a.c.c.C.[.[.[/crazyhotel] - Initializing Spring DispatcherServlet 'dispatcherServlet'
[0;39m
[34m16:34:15.697[http-nio-9090-exec-1] INFO  o.s.web.servlet.DispatcherServlet - Initializing Servlet 'dispatcherServlet'
[0;39m
[34m16:34:15.698[http-nio-9090-exec-1] INFO  o.s.web.servlet.DispatcherServlet - Completed initialization in 1 ms
[0;39m
[39m16:34:15.781[http-nio-9090-exec-1] DEBUG o.s.data.mongodb.core.MongoTemplate - find using query: { "rid" : "25"} fields: Document{{}} for class: class com.arabbank.hotelservice.crazyhotels.model.entity.CrazyHotelEntity in collection: crazyhotels
[0;39m
[39m16:34:15.874[http-nio-9090-exec-1] DEBUG o.s.data.mongodb.core.MongoTemplate - Remove using query: { "rid" : "25"} in collection: crazyhotels.
[0;39m
[39m16:34:18.161[http-nio-9090-exec-3] DEBUG o.s.data.mongodb.core.MongoTemplate - find using query: { "rid" : "25"} fields: Document{{}} for class: class com.arabbank.hotelservice.crazyhotels.model.entity.CrazyHotelEntity in collection: crazyhotels
[0;39m
[39m16:34:22.470[http-nio-9090-exec-5] DEBUG o.s.data.mongodb.core.MongoTemplate - find using query: { "name" : ""} fields: Document{{}} for class: class com.arabbank.hotelservice.crazyhotels.model.entity.CrazyHotelEntity in collection: crazyhotels
[0;39m
[39m16:34:32.023[http-nio-9090-exec-7] DEBUG o.s.data.mongodb.core.MongoTemplate - find using query: { "name" : "C"} fields: Document{{}} for class: class com.arabbank.hotelservice.crazyhotels.model.entity.CrazyHotelEntity in collection: crazyhotels
[0;39m
[39m16:34:32.053[http-nio-9090-exec-7] DEBUG o.s.data.mongodb.core.MongoTemplate - Inserting Document containing fields: [rid, city, fromDate, toDate, numberOfAdults, name, rating, price, discount, roomAmenenties, _class] in collection: crazyhotels
[0;39m
[39m16:34:37.079[http-nio-9090-exec-8] DEBUG o.s.data.mongodb.core.MongoTemplate - find using query: { "rid" : "25"} fields: Document{{}} for class: class com.arabbank.hotelservice.crazyhotels.model.entity.CrazyHotelEntity in collection: crazyhotels
[0;39m
[39m16:34:37.085[http-nio-9090-exec-8] DEBUG o.s.data.mongodb.core.MongoTemplate - Remove using query: { "rid" : "25"} in collection: crazyhotels.
[0;39m
[39m16:50:06.848[http-nio-9090-exec-10] DEBUG o.s.data.mongodb.core.MongoTemplate - find using query: { "$and" : [{ "toDate" : { "$lte" : { "$date" : "2025-05-19T18:30:00Z"}}}, { "fromDate" : { "$gte" : { "$date" : "2023-03-31T18:30:00Z"}}}], "city" : "ERN"} fields: Document{{}} for class: class com.arabbank.hotelservice.crazyhotels.model.entity.CrazyHotelEntity in collection: crazyhotels
[0;39m
[39m16:53:38.516[http-nio-9090-exec-1] DEBUG o.s.data.mongodb.core.MongoTemplate - find using query: { "$and" : [{ "toDate" : { "$lte" : { "$date" : "2025-05-19T18:30:00Z"}}}, { "fromDate" : { "$gte" : { "$date" : "2023-03-31T18:30:00Z"}}}], "city" : "ERN"} fields: Document{{}} for class: class com.arabbank.hotelservice.crazyhotels.model.entity.CrazyHotelEntity in collection: crazyhotels
[0;39m
[39m16:53:44.283[http-nio-9090-exec-3] DEBUG o.s.data.mongodb.core.MongoTemplate - find using query: { "$and" : [{ "toDate" : { "$lte" : { "$date" : "2025-05-19T18:30:00Z"}}}, { "fromDate" : { "$gte" : { "$date" : "2023-03-31T18:30:00Z"}}}], "city" : "ERN"} fields: Document{{}} for class: class com.arabbank.hotelservice.crazyhotels.model.entity.CrazyHotelEntity in collection: crazyhotels
[0;39m
[39m16:53:59.221[http-nio-9090-exec-5] DEBUG o.s.data.mongodb.core.MongoTemplate - find using query: { "$and" : [{ "toDate" : { "$lte" : { "$date" : "2025-11-19T18:30:00Z"}}}, { "fromDate" : { "$gte" : { "$date" : "2023-03-31T18:30:00Z"}}}], "city" : "ERN"} fields: Document{{}} for class: class com.arabbank.hotelservice.crazyhotels.model.entity.CrazyHotelEntity in collection: crazyhotels
[0;39m
[39m16:54:18.181[http-nio-9090-exec-6] DEBUG o.s.data.mongodb.core.MongoTemplate - find using query: { "$and" : [{ "toDate" : { "$lte" : { "$date" : "2025-11-19T18:30:00Z"}}}, { "fromDate" : { "$gte" : { "$date" : "2023-01-31T18:30:00Z"}}}], "city" : "ERN"} fields: Document{{}} for class: class com.arabbank.hotelservice.crazyhotels.model.entity.CrazyHotelEntity in collection: crazyhotels
[0;39m
[39m16:55:29.303[http-nio-9090-exec-10] DEBUG o.s.data.mongodb.core.MongoTemplate - find using query: { "name" : "MArianHotel"} fields: Document{{}} for class: class com.arabbank.hotelservice.crazyhotels.model.entity.CrazyHotelEntity in collection: crazyhotels
[0;39m
[39m16:55:29.306[http-nio-9090-exec-10] DEBUG o.s.data.mongodb.core.MongoTemplate - Inserting Document containing fields: [rid, city, fromDate, toDate, numberOfAdults, name, rating, price, discount, roomAmenenties, _class] in collection: crazyhotels
[0;39m
[39m16:55:45.011[http-nio-9090-exec-2] DEBUG o.s.data.mongodb.core.MongoTemplate - find using query: { "$and" : [{ "toDate" : { "$lte" : { "$date" : "2025-11-19T18:30:00Z"}}}, { "fromDate" : { "$gte" : { "$date" : "2023-01-31T18:30:00Z"}}}], "city" : "ERN"} fields: Document{{}} for class: class com.arabbank.hotelservice.crazyhotels.model.entity.CrazyHotelEntity in collection: crazyhotels
[0;39m
[39m16:56:17.728[http-nio-9090-exec-1] DEBUG o.s.data.mongodb.core.MongoTemplate - find using query: { "name" : "NOVOTEL"} fields: Document{{}} for class: class com.arabbank.hotelservice.crazyhotels.model.entity.CrazyHotelEntity in collection: crazyhotels
[0;39m
[39m16:56:23.550[http-nio-9090-exec-3] DEBUG o.s.data.mongodb.core.MongoTemplate - find using query: { "name" : "NOVOTEL"} fields: Document{{}} for class: class com.arabbank.hotelservice.crazyhotels.model.entity.CrazyHotelEntity in collection: crazyhotels
[0;39m
[39m16:57:48.648[http-nio-9090-exec-6] DEBUG o.s.data.mongodb.core.MongoTemplate - find using query: { "name" : "NOVOTEL"} fields: Document{{}} for class: class com.arabbank.hotelservice.crazyhotels.model.entity.CrazyHotelEntity in collection: crazyhotels
[0;39m
[34m16:58:00.724[main] INFO  c.a.h.c.CrazyhotelsApplication - Starting CrazyhotelsApplication using Java 18 with PID 26160 (E:\crazyhotels\target\classes started by User in E:\crazyhotels)
[0;39m
[34m16:58:00.728[main] INFO  c.a.h.c.CrazyhotelsApplication - No active profile set, falling back to 1 default profile: "default"
[0;39m
[34m16:58:01.259[main] INFO  o.s.d.r.c.RepositoryConfigurationDelegate - Bootstrapping Spring Data MongoDB repositories in DEFAULT mode.
[0;39m
[34m16:58:01.306[main] INFO  o.s.d.r.c.RepositoryConfigurationDelegate - Finished Spring Data repository scanning in 43 ms. Found 1 MongoDB repository interfaces.
[0;39m
[34m16:58:01.769[main] INFO  o.s.b.w.e.tomcat.TomcatWebServer - Tomcat initialized with port(s): 9090 (http)
[0;39m
[34m16:58:01.775[main] INFO  o.a.coyote.http11.Http11NioProtocol - Initializing ProtocolHandler ["http-nio-9090"]
[0;39m
[34m16:58:01.776[main] INFO  o.a.catalina.core.StandardService - Starting service [Tomcat]
[0;39m
[34m16:58:01.777[main] INFO  o.a.catalina.core.StandardEngine - Starting Servlet engine: [Apache Tomcat/10.1.13]
[0;39m
[34m16:58:01.857[main] INFO  o.a.c.c.C.[.[.[/crazyhotel] - Initializing Spring embedded WebApplicationContext
[0;39m
[34m16:58:01.858[main] INFO  o.s.b.w.s.c.ServletWebServerApplicationContext - Root WebApplicationContext: initialization completed in 1083 ms
[0;39m
[34m16:58:01.998[main] INFO  org.mongodb.driver.client - MongoClient with metadata {"driver": {"name": "mongo-java-driver|sync|spring-boot", "version": "4.9.1"}, "os": {"type": "Windows", "name": "Windows 11", "architecture": "amd64", "version": "10.0"}, "platform": "Java/Oracle Corporation/18+36-2087"} created with settings MongoClientSettings{readPreference=primary, writeConcern=WriteConcern{w=null, wTimeout=null ms, journal=null}, retryWrites=true, retryReads=true, readConcern=ReadConcern{level=null}, credential=null, streamFactoryFactory=null, commandListeners=[], codecRegistry=ProvidersCodecRegistry{codecProviders=[ValueCodecProvider{}, BsonValueCodecProvider{}, DBRefCodecProvider{}, DBObjectCodecProvider{}, DocumentCodecProvider{}, CollectionCodecProvider{}, IterableCodecProvider{}, MapCodecProvider{}, GeoJsonCodecProvider{}, GridFSFileCodecProvider{}, Jsr310CodecProvider{}, JsonObjectCodecProvider{}, BsonCodecProvider{}, EnumCodecProvider{}, com.mongodb.client.model.mql.ExpressionCodecProvider@67d32a54, com.mongodb.Jep395RecordCodecProvider@314a31b0]}, loggerSettings=LoggerSettings{maxDocumentLength=1000}, clusterSettings={hosts=[localhost:27017], srvServiceName=mongodb, mode=SINGLE, requiredClusterType=UNKNOWN, requiredReplicaSetName='null', serverSelector='null', clusterListeners='[]', serverSelectionTimeout='30000 ms', localThreshold='30000 ms'}, socketSettings=SocketSettings{connectTimeoutMS=10000, readTimeoutMS=0, receiveBufferSize=0, sendBufferSize=0}, heartbeatSocketSettings=SocketSettings{connectTimeoutMS=10000, readTimeoutMS=10000, receiveBufferSize=0, sendBufferSize=0}, connectionPoolSettings=ConnectionPoolSettings{maxSize=100, minSize=0, maxWaitTimeMS=120000, maxConnectionLifeTimeMS=0, maxConnectionIdleTimeMS=0, maintenanceInitialDelayMS=0, maintenanceFrequencyMS=60000, connectionPoolListeners=[], maxConnecting=2}, serverSettings=ServerSettings{heartbeatFrequencyMS=10000, minHeartbeatFrequencyMS=500, serverListeners='[]', serverMonitorListeners='[]'}, sslSettings=SslSettings{enabled=false, invalidHostNameAllowed=false, context=null}, applicationName='null', compressorList=[], uuidRepresentation=JAVA_LEGACY, serverApi=null, autoEncryptionSettings=null, contextProvider=null}
[0;39m
[34m16:58:02.016[cluster-ClusterId{value='653112c1d474024afc4a21e5', description='null'}-localhost:27017] INFO  org.mongodb.driver.cluster - Monitor thread successfully connected to server with description ServerDescription{address=localhost:27017, type=STANDALONE, state=CONNECTED, ok=true, minWireVersion=0, maxWireVersion=21, maxDocumentSize=16777216, logicalSessionTimeoutMinutes=30, roundTripTimeNanos=17789200}
[0;39m
[34m16:58:02.799[main] INFO  o.a.coyote.http11.Http11NioProtocol - Starting ProtocolHandler ["http-nio-9090"]
[0;39m
[34m16:58:02.848[main] INFO  o.s.b.w.e.tomcat.TomcatWebServer - Tomcat started on port(s): 9090 (http) with context path '/crazyhotel'
[0;39m
[34m16:58:02.857[main] INFO  c.a.h.c.CrazyhotelsApplication - Started CrazyhotelsApplication in 2.561 seconds (process running for 2.854)
[0;39m
[34m16:58:05.911[http-nio-9090-exec-1] INFO  o.a.c.c.C.[.[.[/crazyhotel] - Initializing Spring DispatcherServlet 'dispatcherServlet'
[0;39m
[34m16:58:05.912[http-nio-9090-exec-1] INFO  o.s.web.servlet.DispatcherServlet - Initializing Servlet 'dispatcherServlet'
[0;39m
[34m16:58:05.913[http-nio-9090-exec-1] INFO  o.s.web.servlet.DispatcherServlet - Completed initialization in 1 ms
[0;39m
[39m16:58:06.006[http-nio-9090-exec-1] DEBUG o.s.data.mongodb.core.MongoTemplate - find using query: { "name" : "NOVOTEL"} fields: Document{{}} for class: class com.arabbank.hotelservice.crazyhotels.model.entity.CrazyHotelEntity in collection: crazyhotels
[0;39m
[39m16:59:09.306[http-nio-9090-exec-6] DEBUG o.s.data.mongodb.core.MongoTemplate - find using query: { "name" : "NOVOTEL"} fields: Document{{}} for class: class com.arabbank.hotelservice.crazyhotels.model.entity.CrazyHotelEntity in collection: crazyhotels
[0;39m
[39m16:59:09.316[http-nio-9090-exec-6] DEBUG o.s.data.mongodb.core.MongoTemplate - Inserting Document containing fields: [rid, city, fromDate, toDate, numberOfAdults, name, rating, price, discount, roomAmenenties, _class] in collection: crazyhotels
[0;39m
[39m16:59:15.494[http-nio-9090-exec-5] DEBUG o.s.data.mongodb.core.MongoTemplate - find using query: { "$and" : [{ "toDate" : { "$lte" : { "$date" : "2025-11-19T18:30:00Z"}}}, { "fromDate" : { "$gte" : { "$date" : "2023-01-31T18:30:00Z"}}}], "city" : "ERN"} fields: Document{{}} for class: class com.arabbank.hotelservice.crazyhotels.model.entity.CrazyHotelEntity in collection: crazyhotels
[0;39m
[39m16:59:23.568[http-nio-9090-exec-8] DEBUG o.s.data.mongodb.core.MongoTemplate - find using query: { "$and" : [{ "toDate" : { "$lte" : { "$date" : "2025-05-19T18:30:00Z"}}}, { "fromDate" : { "$gte" : { "$date" : "2023-03-31T18:30:00Z"}}}], "city" : "ERN"} fields: Document{{}} for class: class com.arabbank.hotelservice.crazyhotels.model.entity.CrazyHotelEntity in collection: crazyhotels
[0;39m
